2025-06-14 09:54:10.118988: E external/local_xla/xla/stream_executor/cuda/cuda_fft.cc:467] Unable to register cuFFT factory: Attempting to register factory for plugin cuFFT when one has already been registered
WARNING: All log messages before absl::InitializeLog() is called are written to STDERR
E0000 00:00:1749894850.162388  783209 cuda_dnn.cc:8579] Unable to register cuDNN factory: Attempting to register factory for plugin cuDNN when one has already been registered
E0000 00:00:1749894850.175989  783209 cuda_blas.cc:1407] Unable to register cuBLAS factory: Attempting to register factory for plugin cuBLAS when one has already been registered
W0000 00:00:1749894850.225651  783209 computation_placer.cc:177] computation placer already registered. Please check linkage and avoid linking the same target more than once.
W0000 00:00:1749894850.225689  783209 computation_placer.cc:177] computation placer already registered. Please check linkage and avoid linking the same target more than once.
W0000 00:00:1749894850.225698  783209 computation_placer.cc:177] computation placer already registered. Please check linkage and avoid linking the same target more than once.
W0000 00:00:1749894850.225707  783209 computation_placer.cc:177] computation placer already registered. Please check linkage and avoid linking the same target more than once.
2025-06-14 09:54:10.235063: I tensorflow/core/platform/cpu_feature_guard.cc:210] This TensorFlow binary is optimized to use available CPU instructions in performance-critical operations.
To enable the following instructions: AVX2 AVX512F FMA, in other operations, rebuild TensorFlow with the appropriate compiler flags.
WARNING:tensorflow:From /home/gimlullu6/miniconda3/envs/py39/lib/python3.9/site-packages/tensorflow/python/compat/v2_compat.py:98: disable_resource_variables (from tensorflow.python.ops.resource_variables_toggle) is deprecated and will be removed in a future version.
Instructions for updating:
non-resource variables are not supported in the long term
2025-06-14 09:54:24.894125: E external/local_xla/xla/stream_executor/cuda/cuda_platform.cc:51] failed call to cuInit: INTERNAL: CUDA error: Failed call to cuInit: UNKNOWN ERROR (303)
WARNING: All log messages before absl::InitializeLog() is called are written to STDERR
I0000 00:00:1749894864.996571  783209 mlir_graph_optimization_pass.cc:425] MLIR V1 optimization pass is not enabled
WARNING:tensorflow:From /home/gimlullu6/miniconda3/envs/py39/lib/python3.9/site-packages/tensorflow_probability/python/distributions/distribution.py:342: MultivariateNormalFullCovariance.__init__ (from tensorflow_probability.python.distributions.mvn_full_covariance) is deprecated and will be removed after 2019-12-01.
Instructions for updating:
`MultivariateNormalFullCovariance` is deprecated, use `MultivariateNormalTriL(loc=loc, scale_tril=tf.linalg.cholesky(covariance_matrix))` instead.
2025-06-14 09:54:29.586377: W tensorflow/c/c_api.cc:305] Operation '{name:'NPDE/sn/Assign' id:190 op device:{requested: '', assigned: ''} def:{{{node NPDE/sn/Assign}} = AssignVariableOp[_has_manual_control_dependencies=true, dtype=DT_DOUBLE, validate_shape=false](NPDE/sn, NPDE/softplus/inverse/softplus_inverse/SelectV2_2)}}' was changed by setting attribute after it was run by a session. This mutation will have no effect, and will trigger an error in the future. Either don't modify nodes after running them or create a new session.
2025-06-14 10:44:04.694611: W tensorflow/c/c_api.cc:305] Operation '{name:'NPDE/sn/Assign' id:190 op device:{requested: '', assigned: ''} def:{{{node NPDE/sn/Assign}} = AssignVariableOp[_has_manual_control_dependencies=true, dtype=DT_DOUBLE, validate_shape=false](NPDE/sn, NPDE/softplus/inverse/softplus_inverse/SelectV2_2)}}' was changed by setting attribute after it was run by a session. This mutation will have no effect, and will trigger an error in the future. Either don't modify nodes after running them or create a new session.
2025-06-14 11:33:27.789440: W tensorflow/c/c_api.cc:305] Operation '{name:'NPDE/sn/Assign' id:190 op device:{requested: '', assigned: ''} def:{{{node NPDE/sn/Assign}} = AssignVariableOp[_has_manual_control_dependencies=true, dtype=DT_DOUBLE, validate_shape=false](NPDE/sn, NPDE/softplus/inverse/softplus_inverse/SelectV2_2)}}' was changed by setting attribute after it was run by a session. This mutation will have no effect, and will trigger an error in the future. Either don't modify nodes after running them or create a new session.
2025-06-14 12:20:38.243937: W tensorflow/c/c_api.cc:305] Operation '{name:'NPDE/sn/Assign' id:190 op device:{requested: '', assigned: ''} def:{{{node NPDE/sn/Assign}} = AssignVariableOp[_has_manual_control_dependencies=true, dtype=DT_DOUBLE, validate_shape=false](NPDE/sn, NPDE/softplus/inverse/softplus_inverse/SelectV2_2)}}' was changed by setting attribute after it was run by a session. This mutation will have no effect, and will trigger an error in the future. Either don't modify nodes after running them or create a new session.
2025-06-14 13:10:47.938618: W tensorflow/c/c_api.cc:305] Operation '{name:'NPDE/sn/Assign' id:190 op device:{requested: '', assigned: ''} def:{{{node NPDE/sn/Assign}} = AssignVariableOp[_has_manual_control_dependencies=true, dtype=DT_DOUBLE, validate_shape=false](NPDE/sn, NPDE/softplus/inverse/softplus_inverse/SelectV2_2)}}' was changed by setting attribute after it was run by a session. This mutation will have no effect, and will trigger an error in the future. Either don't modify nodes after running them or create a new session.
2025-06-14 14:00:39.433581: W tensorflow/c/c_api.cc:305] Operation '{name:'NPDE/sn/Assign' id:190 op device:{requested: '', assigned: ''} def:{{{node NPDE/sn/Assign}} = AssignVariableOp[_has_manual_control_dependencies=true, dtype=DT_DOUBLE, validate_shape=false](NPDE/sn, NPDE/softplus/inverse/softplus_inverse/SelectV2_2)}}' was changed by setting attribute after it was run by a session. This mutation will have no effect, and will trigger an error in the future. Either don't modify nodes after running them or create a new session.
2025-06-14 14:51:58.085267: W tensorflow/c/c_api.cc:305] Operation '{name:'NPDE/sn/Assign' id:190 op device:{requested: '', assigned: ''} def:{{{node NPDE/sn/Assign}} = AssignVariableOp[_has_manual_control_dependencies=true, dtype=DT_DOUBLE, validate_shape=false](NPDE/sn, NPDE/softplus/inverse/softplus_inverse/SelectV2_2)}}' was changed by setting attribute after it was run by a session. This mutation will have no effect, and will trigger an error in the future. Either don't modify nodes after running them or create a new session.
2025-06-14 15:39:29.026297: W tensorflow/c/c_api.cc:305] Operation '{name:'NPDE/sn/Assign' id:190 op device:{requested: '', assigned: ''} def:{{{node NPDE/sn/Assign}} = AssignVariableOp[_has_manual_control_dependencies=true, dtype=DT_DOUBLE, validate_shape=false](NPDE/sn, NPDE/softplus/inverse/softplus_inverse/SelectV2_2)}}' was changed by setting attribute after it was run by a session. This mutation will have no effect, and will trigger an error in the future. Either don't modify nodes after running them or create a new session.
2025-06-14 16:29:23.893692: W tensorflow/c/c_api.cc:305] Operation '{name:'NPDE/sn/Assign' id:190 op device:{requested: '', assigned: ''} def:{{{node NPDE/sn/Assign}} = AssignVariableOp[_has_manual_control_dependencies=true, dtype=DT_DOUBLE, validate_shape=false](NPDE/sn, NPDE/softplus/inverse/softplus_inverse/SelectV2_2)}}' was changed by setting attribute after it was run by a session. This mutation will have no effect, and will trigger an error in the future. Either don't modify nodes after running them or create a new session.
2025-06-14 17:21:04.841962: W tensorflow/c/c_api.cc:305] Operation '{name:'NPDE/sn/Assign' id:190 op device:{requested: '', assigned: ''} def:{{{node NPDE/sn/Assign}} = AssignVariableOp[_has_manual_control_dependencies=true, dtype=DT_DOUBLE, validate_shape=false](NPDE/sn, NPDE/softplus/inverse/softplus_inverse/SelectV2_2)}}' was changed by setting attribute after it was run by a session. This mutation will have no effect, and will trigger an error in the future. Either don't modify nodes after running them or create a new session.
2025-06-14 18:09:23.352992: W tensorflow/c/c_api.cc:305] Operation '{name:'NPDE/sn/Assign' id:190 op device:{requested: '', assigned: ''} def:{{{node NPDE/sn/Assign}} = AssignVariableOp[_has_manual_control_dependencies=true, dtype=DT_DOUBLE, validate_shape=false](NPDE/sn, NPDE/softplus/inverse/softplus_inverse/SelectV2_2)}}' was changed by setting attribute after it was run by a session. This mutation will have no effect, and will trigger an error in the future. Either don't modify nodes after running them or create a new session.
2025-06-14 19:01:01.518937: W tensorflow/c/c_api.cc:305] Operation '{name:'NPDE/sn/Assign' id:190 op device:{requested: '', assigned: ''} def:{{{node NPDE/sn/Assign}} = AssignVariableOp[_has_manual_control_dependencies=true, dtype=DT_DOUBLE, validate_shape=false](NPDE/sn, NPDE/softplus/inverse/softplus_inverse/SelectV2_2)}}' was changed by setting attribute after it was run by a session. This mutation will have no effect, and will trigger an error in the future. Either don't modify nodes after running them or create a new session.
2025-06-14 19:53:29.972882: W tensorflow/c/c_api.cc:305] Operation '{name:'NPDE/sn/Assign' id:190 op device:{requested: '', assigned: ''} def:{{{node NPDE/sn/Assign}} = AssignVariableOp[_has_manual_control_dependencies=true, dtype=DT_DOUBLE, validate_shape=false](NPDE/sn, NPDE/softplus/inverse/softplus_inverse/SelectV2_2)}}' was changed by setting attribute after it was run by a session. This mutation will have no effect, and will trigger an error in the future. Either don't modify nodes after running them or create a new session.
2025-06-14 20:43:21.751609: W tensorflow/c/c_api.cc:305] Operation '{name:'NPDE/sn/Assign' id:190 op device:{requested: '', assigned: ''} def:{{{node NPDE/sn/Assign}} = AssignVariableOp[_has_manual_control_dependencies=true, dtype=DT_DOUBLE, validate_shape=false](NPDE/sn, NPDE/softplus/inverse/softplus_inverse/SelectV2_2)}}' was changed by setting attribute after it was run by a session. This mutation will have no effect, and will trigger an error in the future. Either don't modify nodes after running them or create a new session.
2025-06-14 21:34:34.917564: W tensorflow/c/c_api.cc:305] Operation '{name:'NPDE/sn/Assign' id:190 op device:{requested: '', assigned: ''} def:{{{node NPDE/sn/Assign}} = AssignVariableOp[_has_manual_control_dependencies=true, dtype=DT_DOUBLE, validate_shape=false](NPDE/sn, NPDE/softplus/inverse/softplus_inverse/SelectV2_2)}}' was changed by setting attribute after it was run by a session. This mutation will have no effect, and will trigger an error in the future. Either don't modify nodes after running them or create a new session.
2025-06-14 22:24:32.062240: W tensorflow/c/c_api.cc:305] Operation '{name:'NPDE/sn/Assign' id:190 op device:{requested: '', assigned: ''} def:{{{node NPDE/sn/Assign}} = AssignVariableOp[_has_manual_control_dependencies=true, dtype=DT_DOUBLE, validate_shape=false](NPDE/sn, NPDE/softplus/inverse/softplus_inverse/SelectV2_2)}}' was changed by setting attribute after it was run by a session. This mutation will have no effect, and will trigger an error in the future. Either don't modify nodes after running them or create a new session.
2025-06-14 23:15:36.836613: W tensorflow/c/c_api.cc:305] Operation '{name:'NPDE/sn/Assign' id:190 op device:{requested: '', assigned: ''} def:{{{node NPDE/sn/Assign}} = AssignVariableOp[_has_manual_control_dependencies=true, dtype=DT_DOUBLE, validate_shape=false](NPDE/sn, NPDE/softplus/inverse/softplus_inverse/SelectV2_2)}}' was changed by setting attribute after it was run by a session. This mutation will have no effect, and will trigger an error in the future. Either don't modify nodes after running them or create a new session.
2025-06-15 00:03:41.481725: W tensorflow/c/c_api.cc:305] Operation '{name:'NPDE/sn/Assign' id:190 op device:{requested: '', assigned: ''} def:{{{node NPDE/sn/Assign}} = AssignVariableOp[_has_manual_control_dependencies=true, dtype=DT_DOUBLE, validate_shape=false](NPDE/sn, NPDE/softplus/inverse/softplus_inverse/SelectV2_2)}}' was changed by setting attribute after it was run by a session. This mutation will have no effect, and will trigger an error in the future. Either don't modify nodes after running them or create a new session.
2025-06-15 01:03:02.525046: W tensorflow/c/c_api.cc:305] Operation '{name:'NPDE/sn/Assign' id:190 op device:{requested: '', assigned: ''} def:{{{node NPDE/sn/Assign}} = AssignVariableOp[_has_manual_control_dependencies=true, dtype=DT_DOUBLE, validate_shape=false](NPDE/sn, NPDE/softplus/inverse/softplus_inverse/SelectV2_2)}}' was changed by setting attribute after it was run by a session. This mutation will have no effect, and will trigger an error in the future. Either don't modify nodes after running them or create a new session.
2025-06-15 01:53:49.457637: W tensorflow/c/c_api.cc:305] Operation '{name:'NPDE/sn/Assign' id:190 op device:{requested: '', assigned: ''} def:{{{node NPDE/sn/Assign}} = AssignVariableOp[_has_manual_control_dependencies=true, dtype=DT_DOUBLE, validate_shape=false](NPDE/sn, NPDE/softplus/inverse/softplus_inverse/SelectV2_2)}}' was changed by setting attribute after it was run by a session. This mutation will have no effect, and will trigger an error in the future. Either don't modify nodes after running them or create a new session.
2025-06-15 02:47:48.484645: W tensorflow/c/c_api.cc:305] Operation '{name:'NPDE/sn/Assign' id:190 op device:{requested: '', assigned: ''} def:{{{node NPDE/sn/Assign}} = AssignVariableOp[_has_manual_control_dependencies=true, dtype=DT_DOUBLE, validate_shape=false](NPDE/sn, NPDE/softplus/inverse/softplus_inverse/SelectV2_2)}}' was changed by setting attribute after it was run by a session. This mutation will have no effect, and will trigger an error in the future. Either don't modify nodes after running them or create a new session.
running npode...
Model being initialized...
Building loss function...
Adam optimizer being initialized...
Optimization starts.
       iteration       objective
               1         877.996
             100         681.277
             200         659.504
             300         646.867
             400         636.112
             500         626.342
Optimization ends.
running nrode...
running npode...
Model being initialized...
Building loss function...
Adam optimizer being initialized...
Optimization starts.
       iteration       objective
               1        1008.313
             100         728.078
             200         695.597
             300         670.219
             400         651.162
             500         635.687
Optimization ends.
running nrode...
running npode...
Model being initialized...
Building loss function...
Adam optimizer being initialized...
Optimization starts.
       iteration       objective
               1         891.946
             100         633.105
             200         581.428
             300         561.614
             400         548.256
             500         432.463
Optimization ends.
running nrode...
running npode...
Model being initialized...
Building loss function...
Adam optimizer being initialized...
Optimization starts.
       iteration       objective
               1         871.605
             100         682.471
             200         626.403
             300         618.709
             400         593.801
             500         580.438
Optimization ends.
running nrode...
running npode...
Model being initialized...
Building loss function...
Adam optimizer being initialized...
Optimization starts.
       iteration       objective
               1         656.072
             100         820.101
             200         687.938
             300         658.763
             400         642.109
             500         628.689
Optimization ends.
running nrode...
running npode...
Model being initialized...
Building loss function...
Adam optimizer being initialized...
Optimization starts.
       iteration       objective
               1         964.421
             100         741.641
             200         674.550
             300         655.136
             400         639.149
             500         625.067
Optimization ends.
running nrode...
running npode...
Model being initialized...
Building loss function...
Adam optimizer being initialized...
Optimization starts.
       iteration       objective
               1         876.990
             100         717.357
             200         644.976
             300         626.054
             400         600.902
             500         581.934
Optimization ends.
running nrode...
running npode...
Model being initialized...
Building loss function...
Adam optimizer being initialized...
Optimization starts.
       iteration       objective
               1         971.486
             100         687.456
             200         664.229
             300         653.325
             400         644.932
             500         637.448
Optimization ends.
running nrode...
running npode...
Model being initialized...
Building loss function...
Adam optimizer being initialized...
Optimization starts.
       iteration       objective
               1         614.450
             100         734.056
             200         645.265
             300         636.510
             400         614.384
             500         600.107
Optimization ends.
running nrode...
running npode...
Model being initialized...
Building loss function...
Adam optimizer being initialized...
Optimization starts.
       iteration       objective
               1        1107.544
             100         762.253
             200         689.207
             300         661.224
             400         638.802
             500         620.062
Optimization ends.
running nrode...
running npode...
Model being initialized...
Building loss function...
Adam optimizer being initialized...
Optimization starts.
       iteration       objective
               1        1011.876
             100         682.852
             200         645.386
             300         619.371
             400         597.738
             500         582.784
Optimization ends.
running nrode...
running npode...
Model being initialized...
Building loss function...
Adam optimizer being initialized...
Optimization starts.
       iteration       objective
               1         993.861
             100         806.253
             200         703.809
             300         660.263
             400         615.430
             500         604.060
Optimization ends.
running nrode...
running npode...
Model being initialized...
Building loss function...
Adam optimizer being initialized...
Optimization starts.
       iteration       objective
               1         944.411
             100         694.454
             200         648.431
             300         613.782
             400         620.195
             500         589.993
Optimization ends.
running nrode...
running npode...
Model being initialized...
Building loss function...
Adam optimizer being initialized...
Optimization starts.
       iteration       objective
               1         984.300
             100         696.644
             200         667.880
             300         648.615
             400         631.454
             500         616.430
Optimization ends.
running nrode...
running npode...
Model being initialized...
Building loss function...
Adam optimizer being initialized...
Optimization starts.
       iteration       objective
               1        1022.199
             100         693.178
             200         641.879
             300         615.664
             400         605.987
             500         592.646
Optimization ends.
running nrode...
running npode...
Model being initialized...
Building loss function...
Adam optimizer being initialized...
Optimization starts.
       iteration       objective
               1        1052.857
             100         721.740
             200         679.841
             300         648.587
             400         623.359
             500         602.940
Optimization ends.
running nrode...
running npode...
Model being initialized...
Building loss function...
Adam optimizer being initialized...
Optimization starts.
       iteration       objective
               1         682.801
             100         682.388
             200         652.966
             300         634.275
             400         617.854
             500         603.574
Optimization ends.
running nrode...
running npode...
Model being initialized...
Building loss function...
Adam optimizer being initialized...
Optimization starts.
       iteration       objective
               1         960.568
             100         722.358
             200         709.423
             300         686.800
             400         560.976
             500         513.014
Optimization ends.
running nrode...
running npode...
Model being initialized...
Building loss function...
Adam optimizer being initialized...
Optimization starts.
       iteration       objective
               1        1051.464
             100         674.168
             200         615.130
             300         580.914
             400         549.657
             500         551.545
Optimization ends.
running nrode...
running npode...
Model being initialized...
Building loss function...
Adam optimizer being initialized...
Optimization starts.
       iteration       objective
               1         926.238
             100         678.718
             200         645.155
             300         625.617
             400         611.203
             500         599.338
Optimization ends.
running nrode...
running npode...
Model being initialized...
Building loss function...
Adam optimizer being initialized...
Optimization starts.
       iteration       objective
               1         899.176
             100         739.784
             200         691.351
             300         657.346
2025-06-15 03:38:57.479482: W tensorflow/c/c_api.cc:305] Operation '{name:'NPDE/sn/Assign' id:190 op device:{requested: '', assigned: ''} def:{{{node NPDE/sn/Assign}} = AssignVariableOp[_has_manual_control_dependencies=true, dtype=DT_DOUBLE, validate_shape=false](NPDE/sn, NPDE/softplus/inverse/softplus_inverse/SelectV2_2)}}' was changed by setting attribute after it was run by a session. This mutation will have no effect, and will trigger an error in the future. Either don't modify nodes after running them or create a new session.
2025-06-15 04:28:46.533759: W tensorflow/c/c_api.cc:305] Operation '{name:'NPDE/sn/Assign' id:190 op device:{requested: '', assigned: ''} def:{{{node NPDE/sn/Assign}} = AssignVariableOp[_has_manual_control_dependencies=true, dtype=DT_DOUBLE, validate_shape=false](NPDE/sn, NPDE/softplus/inverse/softplus_inverse/SelectV2_2)}}' was changed by setting attribute after it was run by a session. This mutation will have no effect, and will trigger an error in the future. Either don't modify nodes after running them or create a new session.
2025-06-15 05:19:45.857079: W tensorflow/c/c_api.cc:305] Operation '{name:'NPDE/sn/Assign' id:190 op device:{requested: '', assigned: ''} def:{{{node NPDE/sn/Assign}} = AssignVariableOp[_has_manual_control_dependencies=true, dtype=DT_DOUBLE, validate_shape=false](NPDE/sn, NPDE/softplus/inverse/softplus_inverse/SelectV2_2)}}' was changed by setting attribute after it was run by a session. This mutation will have no effect, and will trigger an error in the future. Either don't modify nodes after running them or create a new session.
2025-06-15 06:10:52.044957: W tensorflow/c/c_api.cc:305] Operation '{name:'NPDE/sn/Assign' id:190 op device:{requested: '', assigned: ''} def:{{{node NPDE/sn/Assign}} = AssignVariableOp[_has_manual_control_dependencies=true, dtype=DT_DOUBLE, validate_shape=false](NPDE/sn, NPDE/softplus/inverse/softplus_inverse/SelectV2_2)}}' was changed by setting attribute after it was run by a session. This mutation will have no effect, and will trigger an error in the future. Either don't modify nodes after running them or create a new session.
2025-06-15 07:01:42.869178: W tensorflow/c/c_api.cc:305] Operation '{name:'NPDE/sn/Assign' id:190 op device:{requested: '', assigned: ''} def:{{{node NPDE/sn/Assign}} = AssignVariableOp[_has_manual_control_dependencies=true, dtype=DT_DOUBLE, validate_shape=false](NPDE/sn, NPDE/softplus/inverse/softplus_inverse/SelectV2_2)}}' was changed by setting attribute after it was run by a session. This mutation will have no effect, and will trigger an error in the future. Either don't modify nodes after running them or create a new session.
2025-06-15 07:53:23.406030: W tensorflow/c/c_api.cc:305] Operation '{name:'NPDE/sn/Assign' id:190 op device:{requested: '', assigned: ''} def:{{{node NPDE/sn/Assign}} = AssignVariableOp[_has_manual_control_dependencies=true, dtype=DT_DOUBLE, validate_shape=false](NPDE/sn, NPDE/softplus/inverse/softplus_inverse/SelectV2_2)}}' was changed by setting attribute after it was run by a session. This mutation will have no effect, and will trigger an error in the future. Either don't modify nodes after running them or create a new session.
2025-06-15 08:41:48.646591: W tensorflow/c/c_api.cc:305] Operation '{name:'NPDE/sn/Assign' id:190 op device:{requested: '', assigned: ''} def:{{{node NPDE/sn/Assign}} = AssignVariableOp[_has_manual_control_dependencies=true, dtype=DT_DOUBLE, validate_shape=false](NPDE/sn, NPDE/softplus/inverse/softplus_inverse/SelectV2_2)}}' was changed by setting attribute after it was run by a session. This mutation will have no effect, and will trigger an error in the future. Either don't modify nodes after running them or create a new session.
2025-06-15 09:31:12.861642: W tensorflow/c/c_api.cc:305] Operation '{name:'NPDE/sn/Assign' id:190 op device:{requested: '', assigned: ''} def:{{{node NPDE/sn/Assign}} = AssignVariableOp[_has_manual_control_dependencies=true, dtype=DT_DOUBLE, validate_shape=false](NPDE/sn, NPDE/softplus/inverse/softplus_inverse/SelectV2_2)}}' was changed by setting attribute after it was run by a session. This mutation will have no effect, and will trigger an error in the future. Either don't modify nodes after running them or create a new session.
2025-06-15 10:19:50.399134: W tensorflow/c/c_api.cc:305] Operation '{name:'NPDE/sn/Assign' id:190 op device:{requested: '', assigned: ''} def:{{{node NPDE/sn/Assign}} = AssignVariableOp[_has_manual_control_dependencies=true, dtype=DT_DOUBLE, validate_shape=false](NPDE/sn, NPDE/softplus/inverse/softplus_inverse/SelectV2_2)}}' was changed by setting attribute after it was run by a session. This mutation will have no effect, and will trigger an error in the future. Either don't modify nodes after running them or create a new session.
2025-06-15 11:10:38.979745: W tensorflow/c/c_api.cc:305] Operation '{name:'NPDE/sn/Assign' id:190 op device:{requested: '', assigned: ''} def:{{{node NPDE/sn/Assign}} = AssignVariableOp[_has_manual_control_dependencies=true, dtype=DT_DOUBLE, validate_shape=false](NPDE/sn, NPDE/softplus/inverse/softplus_inverse/SelectV2_2)}}' was changed by setting attribute after it was run by a session. This mutation will have no effect, and will trigger an error in the future. Either don't modify nodes after running them or create a new session.
2025-06-15 12:00:33.454299: W tensorflow/c/c_api.cc:305] Operation '{name:'NPDE/sn/Assign' id:190 op device:{requested: '', assigned: ''} def:{{{node NPDE/sn/Assign}} = AssignVariableOp[_has_manual_control_dependencies=true, dtype=DT_DOUBLE, validate_shape=false](NPDE/sn, NPDE/softplus/inverse/softplus_inverse/SelectV2_2)}}' was changed by setting attribute after it was run by a session. This mutation will have no effect, and will trigger an error in the future. Either don't modify nodes after running them or create a new session.
2025-06-15 12:49:46.298853: W tensorflow/c/c_api.cc:305] Operation '{name:'NPDE/sn/Assign' id:190 op device:{requested: '', assigned: ''} def:{{{node NPDE/sn/Assign}} = AssignVariableOp[_has_manual_control_dependencies=true, dtype=DT_DOUBLE, validate_shape=false](NPDE/sn, NPDE/softplus/inverse/softplus_inverse/SelectV2_2)}}' was changed by setting attribute after it was run by a session. This mutation will have no effect, and will trigger an error in the future. Either don't modify nodes after running them or create a new session.
2025-06-15 13:41:54.384188: W tensorflow/c/c_api.cc:305] Operation '{name:'NPDE/sn/Assign' id:190 op device:{requested: '', assigned: ''} def:{{{node NPDE/sn/Assign}} = AssignVariableOp[_has_manual_control_dependencies=true, dtype=DT_DOUBLE, validate_shape=false](NPDE/sn, NPDE/softplus/inverse/softplus_inverse/SelectV2_2)}}' was changed by setting attribute after it was run by a session. This mutation will have no effect, and will trigger an error in the future. Either don't modify nodes after running them or create a new session.
2025-06-15 14:31:12.466438: W tensorflow/c/c_api.cc:305] Operation '{name:'NPDE/sn/Assign' id:190 op device:{requested: '', assigned: ''} def:{{{node NPDE/sn/Assign}} = AssignVariableOp[_has_manual_control_dependencies=true, dtype=DT_DOUBLE, validate_shape=false](NPDE/sn, NPDE/softplus/inverse/softplus_inverse/SelectV2_2)}}' was changed by setting attribute after it was run by a session. This mutation will have no effect, and will trigger an error in the future. Either don't modify nodes after running them or create a new session.
2025-06-15 15:23:31.602956: W tensorflow/c/c_api.cc:305] Operation '{name:'NPDE/sn/Assign' id:190 op device:{requested: '', assigned: ''} def:{{{node NPDE/sn/Assign}} = AssignVariableOp[_has_manual_control_dependencies=true, dtype=DT_DOUBLE, validate_shape=false](NPDE/sn, NPDE/softplus/inverse/softplus_inverse/SelectV2_2)}}' was changed by setting attribute after it was run by a session. This mutation will have no effect, and will trigger an error in the future. Either don't modify nodes after running them or create a new session.
2025-06-15 16:13:47.340226: W tensorflow/c/c_api.cc:305] Operation '{name:'NPDE/sn/Assign' id:190 op device:{requested: '', assigned: ''} def:{{{node NPDE/sn/Assign}} = AssignVariableOp[_has_manual_control_dependencies=true, dtype=DT_DOUBLE, validate_shape=false](NPDE/sn, NPDE/softplus/inverse/softplus_inverse/SelectV2_2)}}' was changed by setting attribute after it was run by a session. This mutation will have no effect, and will trigger an error in the future. Either don't modify nodes after running them or create a new session.
2025-06-15 17:04:10.865664: W tensorflow/c/c_api.cc:305] Operation '{name:'NPDE/sn/Assign' id:190 op device:{requested: '', assigned: ''} def:{{{node NPDE/sn/Assign}} = AssignVariableOp[_has_manual_control_dependencies=true, dtype=DT_DOUBLE, validate_shape=false](NPDE/sn, NPDE/softplus/inverse/softplus_inverse/SelectV2_2)}}' was changed by setting attribute after it was run by a session. This mutation will have no effect, and will trigger an error in the future. Either don't modify nodes after running them or create a new session.
2025-06-15 17:53:01.968050: W tensorflow/c/c_api.cc:305] Operation '{name:'NPDE/sn/Assign' id:190 op device:{requested: '', assigned: ''} def:{{{node NPDE/sn/Assign}} = AssignVariableOp[_has_manual_control_dependencies=true, dtype=DT_DOUBLE, validate_shape=false](NPDE/sn, NPDE/softplus/inverse/softplus_inverse/SelectV2_2)}}' was changed by setting attribute after it was run by a session. This mutation will have no effect, and will trigger an error in the future. Either don't modify nodes after running them or create a new session.
2025-06-15 18:40:27.138951: W tensorflow/c/c_api.cc:305] Operation '{name:'NPDE/sn/Assign' id:190 op device:{requested: '', assigned: ''} def:{{{node NPDE/sn/Assign}} = AssignVariableOp[_has_manual_control_dependencies=true, dtype=DT_DOUBLE, validate_shape=false](NPDE/sn, NPDE/softplus/inverse/softplus_inverse/SelectV2_2)}}' was changed by setting attribute after it was run by a session. This mutation will have no effect, and will trigger an error in the future. Either don't modify nodes after running them or create a new session.
2025-06-15 19:29:16.117534: W tensorflow/c/c_api.cc:305] Operation '{name:'NPDE/sn/Assign' id:190 op device:{requested: '', assigned: ''} def:{{{node NPDE/sn/Assign}} = AssignVariableOp[_has_manual_control_dependencies=true, dtype=DT_DOUBLE, validate_shape=false](NPDE/sn, NPDE/softplus/inverse/softplus_inverse/SelectV2_2)}}' was changed by setting attribute after it was run by a session. This mutation will have no effect, and will trigger an error in the future. Either don't modify nodes after running them or create a new session.
2025-06-15 20:20:12.440752: W tensorflow/c/c_api.cc:305] Operation '{name:'NPDE/sn/Assign' id:190 op device:{requested: '', assigned: ''} def:{{{node NPDE/sn/Assign}} = AssignVariableOp[_has_manual_control_dependencies=true, dtype=DT_DOUBLE, validate_shape=false](NPDE/sn, NPDE/softplus/inverse/softplus_inverse/SelectV2_2)}}' was changed by setting attribute after it was run by a session. This mutation will have no effect, and will trigger an error in the future. Either don't modify nodes after running them or create a new session.
             400         630.574
             500         609.355
Optimization ends.
running nrode...
running npode...
Model being initialized...
Building loss function...
Adam optimizer being initialized...
Optimization starts.
       iteration       objective
               1        1016.258
             100         670.846
             200         628.218
             300         604.879
             400         589.080
             500         580.541
Optimization ends.
running nrode...
running npode...
Model being initialized...
Building loss function...
Adam optimizer being initialized...
Optimization starts.
       iteration       objective
               1         877.897
             100         659.894
             200         626.824
             300         601.651
             400         587.810
             500         530.484
Optimization ends.
running nrode...
running npode...
Model being initialized...
Building loss function...
Adam optimizer being initialized...
Optimization starts.
       iteration       objective
               1        1001.681
             100         660.312
             200         616.047
             300         585.755
             400         570.612
             500         555.640
Optimization ends.
running nrode...
running npode...
Model being initialized...
Building loss function...
Adam optimizer being initialized...
Optimization starts.
       iteration       objective
               1         973.042
             100         668.659
             200         635.135
             300         611.328
             400         592.174
             500         601.462
Optimization ends.
running nrode...
running npode...
Model being initialized...
Building loss function...
Adam optimizer being initialized...
Optimization starts.
       iteration       objective
               1        1099.902
             100         716.686
             200         653.934
             300         633.601
             400         616.323
             500         602.457
Optimization ends.
running nrode...
running npode...
Model being initialized...
Building loss function...
Adam optimizer being initialized...
Optimization starts.
       iteration       objective
               1         639.357
             100         721.323
             200         678.553
             300         658.970
             400         644.581
             500         632.204
Optimization ends.
running nrode...
running npode...
Model being initialized...
Building loss function...
Adam optimizer being initialized...
Optimization starts.
       iteration       objective
               1         950.283
             100         649.107
             200         615.595
             300         594.343
             400         578.398
             500         565.607
Optimization ends.
running nrode...
running npode...
Model being initialized...
Building loss function...
Adam optimizer being initialized...
Optimization starts.
       iteration       objective
               1         975.102
             100         656.292
             200         610.818
             300         495.459
             400         397.981
             500         368.896
Optimization ends.
running nrode...
running npode...
Model being initialized...
Building loss function...
Adam optimizer being initialized...
Optimization starts.
       iteration       objective
               1         950.561
             100         663.464
             200         619.186
             300         591.242
             400         565.005
             500         524.868
Optimization ends.
running nrode...
running npode...
Model being initialized...
Building loss function...
Adam optimizer being initialized...
Optimization starts.
       iteration       objective
               1         916.203
             100         649.919
             200         602.357
             300         573.259
             400         554.531
             500         549.036
Optimization ends.
running nrode...
running npode...
Model being initialized...
Building loss function...
Adam optimizer being initialized...
Optimization starts.
       iteration       objective
               1         897.831
             100         637.394
             200         579.764
             300         552.582
             400         387.986
             500         350.479
Optimization ends.
running nrode...
running npode...
Model being initialized...
Building loss function...
Adam optimizer being initialized...
Optimization starts.
       iteration       objective
               1         894.297
             100         648.505
             200         597.434
             300         566.479
             400         533.115
             500         545.831
Optimization ends.
running nrode...
running npode...
Model being initialized...
Building loss function...
Adam optimizer being initialized...
Optimization starts.
       iteration       objective
               1         960.152
             100         611.598
             200         568.030
             300         508.159
             400         374.516
             500         354.950
Optimization ends.
running nrode...
running npode...
Model being initialized...
Building loss function...
Adam optimizer being initialized...
Optimization starts.
       iteration       objective
               1        1012.823
             100         684.144
             200         624.919
             300         588.972
             400         565.527
             500         537.478
Optimization ends.
running nrode...
running npode...
Model being initialized...
Building loss function...
Adam optimizer being initialized...
Optimization starts.
       iteration       objective
               1         955.457
             100         724.212
             200         689.024
             300         663.295
             400         641.471
             500         623.169
Optimization ends.
running nrode...
running npode...
Model being initialized...
Building loss function...
Adam optimizer being initialized...
Optimization starts.
       iteration       objective
               1         941.141
             100         709.962
             200         679.883
             300         658.966
             400         644.006
             500         679.467
Optimization ends.
running nrode...
running npode...
Model being initialized...
Building loss function...
Adam optimizer being initialized...
Optimization starts.
       iteration       objective
               1        1122.201
             100         738.039
             200         690.472
             300         661.028
             400         639.081
             500         621.736
Optimization ends.
running nrode...
running npode...
Model being initialized...
Building loss function...
Adam optimizer being initialized...
Optimization starts.
       iteration       objective
               1        1102.790
             100         710.294
             200         658.883
             300         621.789
             400         614.163
             500         556.931
Optimization ends.
running nrode...
running npode...
Model being initialized...
Building loss function...
Adam optimizer being initialized...
Optimization starts.
       iteration       objective
               1         974.299
             100         629.316
             200         653.487
             300         621.169
             400         599.129
             500         590.194
Optimization ends.
running nrode...
running npode...
Model being initialized...
Building loss function...
Adam optimizer being initialized...
Optimization starts.
       iteration       objective
               1         658.946
             100         788.481
             200         693.451
             300         688.492
             400         609.788
             500         590.518
Optimization ends.
running nrode...
running npode...
Model being initialized...
Building loss function...
Adam optimizer being initialized...
Optimization starts.
       iteration       objective
               1         911.320
2025-06-15 21:11:11.913548: W tensorflow/c/c_api.cc:305] Operation '{name:'NPDE/sn/Assign' id:190 op device:{requested: '', assigned: ''} def:{{{node NPDE/sn/Assign}} = AssignVariableOp[_has_manual_control_dependencies=true, dtype=DT_DOUBLE, validate_shape=false](NPDE/sn, NPDE/softplus/inverse/softplus_inverse/SelectV2_2)}}' was changed by setting attribute after it was run by a session. This mutation will have no effect, and will trigger an error in the future. Either don't modify nodes after running them or create a new session.
2025-06-15 21:58:51.552525: W tensorflow/c/c_api.cc:305] Operation '{name:'NPDE/sn/Assign' id:190 op device:{requested: '', assigned: ''} def:{{{node NPDE/sn/Assign}} = AssignVariableOp[_has_manual_control_dependencies=true, dtype=DT_DOUBLE, validate_shape=false](NPDE/sn, NPDE/softplus/inverse/softplus_inverse/SelectV2_2)}}' was changed by setting attribute after it was run by a session. This mutation will have no effect, and will trigger an error in the future. Either don't modify nodes after running them or create a new session.
2025-06-15 22:48:57.078842: W tensorflow/c/c_api.cc:305] Operation '{name:'NPDE/sn/Assign' id:190 op device:{requested: '', assigned: ''} def:{{{node NPDE/sn/Assign}} = AssignVariableOp[_has_manual_control_dependencies=true, dtype=DT_DOUBLE, validate_shape=false](NPDE/sn, NPDE/softplus/inverse/softplus_inverse/SelectV2_2)}}' was changed by setting attribute after it was run by a session. This mutation will have no effect, and will trigger an error in the future. Either don't modify nodes after running them or create a new session.
2025-06-15 23:39:18.439218: W tensorflow/c/c_api.cc:305] Operation '{name:'NPDE/sn/Assign' id:190 op device:{requested: '', assigned: ''} def:{{{node NPDE/sn/Assign}} = AssignVariableOp[_has_manual_control_dependencies=true, dtype=DT_DOUBLE, validate_shape=false](NPDE/sn, NPDE/softplus/inverse/softplus_inverse/SelectV2_2)}}' was changed by setting attribute after it was run by a session. This mutation will have no effect, and will trigger an error in the future. Either don't modify nodes after running them or create a new session.
2025-06-16 00:29:19.258917: W tensorflow/c/c_api.cc:305] Operation '{name:'NPDE/sn/Assign' id:190 op device:{requested: '', assigned: ''} def:{{{node NPDE/sn/Assign}} = AssignVariableOp[_has_manual_control_dependencies=true, dtype=DT_DOUBLE, validate_shape=false](NPDE/sn, NPDE/softplus/inverse/softplus_inverse/SelectV2_2)}}' was changed by setting attribute after it was run by a session. This mutation will have no effect, and will trigger an error in the future. Either don't modify nodes after running them or create a new session.
2025-06-16 01:17:45.107628: W tensorflow/c/c_api.cc:305] Operation '{name:'NPDE/sn/Assign' id:190 op device:{requested: '', assigned: ''} def:{{{node NPDE/sn/Assign}} = AssignVariableOp[_has_manual_control_dependencies=true, dtype=DT_DOUBLE, validate_shape=false](NPDE/sn, NPDE/softplus/inverse/softplus_inverse/SelectV2_2)}}' was changed by setting attribute after it was run by a session. This mutation will have no effect, and will trigger an error in the future. Either don't modify nodes after running them or create a new session.
2025-06-16 02:07:10.880243: W tensorflow/c/c_api.cc:305] Operation '{name:'NPDE/sn/Assign' id:190 op device:{requested: '', assigned: ''} def:{{{node NPDE/sn/Assign}} = AssignVariableOp[_has_manual_control_dependencies=true, dtype=DT_DOUBLE, validate_shape=false](NPDE/sn, NPDE/softplus/inverse/softplus_inverse/SelectV2_2)}}' was changed by setting attribute after it was run by a session. This mutation will have no effect, and will trigger an error in the future. Either don't modify nodes after running them or create a new session.
2025-06-16 02:56:46.803075: W tensorflow/c/c_api.cc:305] Operation '{name:'NPDE/sn/Assign' id:190 op device:{requested: '', assigned: ''} def:{{{node NPDE/sn/Assign}} = AssignVariableOp[_has_manual_control_dependencies=true, dtype=DT_DOUBLE, validate_shape=false](NPDE/sn, NPDE/softplus/inverse/softplus_inverse/SelectV2_2)}}' was changed by setting attribute after it was run by a session. This mutation will have no effect, and will trigger an error in the future. Either don't modify nodes after running them or create a new session.
2025-06-16 03:47:50.626497: W tensorflow/c/c_api.cc:305] Operation '{name:'NPDE/sn/Assign' id:190 op device:{requested: '', assigned: ''} def:{{{node NPDE/sn/Assign}} = AssignVariableOp[_has_manual_control_dependencies=true, dtype=DT_DOUBLE, validate_shape=false](NPDE/sn, NPDE/softplus/inverse/softplus_inverse/SelectV2_2)}}' was changed by setting attribute after it was run by a session. This mutation will have no effect, and will trigger an error in the future. Either don't modify nodes after running them or create a new session.
2025-06-16 04:35:59.906864: W tensorflow/c/c_api.cc:305] Operation '{name:'NPDE/sn/Assign' id:190 op device:{requested: '', assigned: ''} def:{{{node NPDE/sn/Assign}} = AssignVariableOp[_has_manual_control_dependencies=true, dtype=DT_DOUBLE, validate_shape=false](NPDE/sn, NPDE/softplus/inverse/softplus_inverse/SelectV2_2)}}' was changed by setting attribute after it was run by a session. This mutation will have no effect, and will trigger an error in the future. Either don't modify nodes after running them or create a new session.
2025-06-16 05:24:46.236264: W tensorflow/c/c_api.cc:305] Operation '{name:'NPDE/sn/Assign' id:190 op device:{requested: '', assigned: ''} def:{{{node NPDE/sn/Assign}} = AssignVariableOp[_has_manual_control_dependencies=true, dtype=DT_DOUBLE, validate_shape=false](NPDE/sn, NPDE/softplus/inverse/softplus_inverse/SelectV2_2)}}' was changed by setting attribute after it was run by a session. This mutation will have no effect, and will trigger an error in the future. Either don't modify nodes after running them or create a new session.
2025-06-16 06:15:13.572621: W tensorflow/c/c_api.cc:305] Operation '{name:'NPDE/sn/Assign' id:190 op device:{requested: '', assigned: ''} def:{{{node NPDE/sn/Assign}} = AssignVariableOp[_has_manual_control_dependencies=true, dtype=DT_DOUBLE, validate_shape=false](NPDE/sn, NPDE/softplus/inverse/softplus_inverse/SelectV2_2)}}' was changed by setting attribute after it was run by a session. This mutation will have no effect, and will trigger an error in the future. Either don't modify nodes after running them or create a new session.
2025-06-16 07:04:29.653961: W tensorflow/c/c_api.cc:305] Operation '{name:'NPDE/sn/Assign' id:190 op device:{requested: '', assigned: ''} def:{{{node NPDE/sn/Assign}} = AssignVariableOp[_has_manual_control_dependencies=true, dtype=DT_DOUBLE, validate_shape=false](NPDE/sn, NPDE/softplus/inverse/softplus_inverse/SelectV2_2)}}' was changed by setting attribute after it was run by a session. This mutation will have no effect, and will trigger an error in the future. Either don't modify nodes after running them or create a new session.
2025-06-16 07:55:27.966459: W tensorflow/c/c_api.cc:305] Operation '{name:'NPDE/sn/Assign' id:190 op device:{requested: '', assigned: ''} def:{{{node NPDE/sn/Assign}} = AssignVariableOp[_has_manual_control_dependencies=true, dtype=DT_DOUBLE, validate_shape=false](NPDE/sn, NPDE/softplus/inverse/softplus_inverse/SelectV2_2)}}' was changed by setting attribute after it was run by a session. This mutation will have no effect, and will trigger an error in the future. Either don't modify nodes after running them or create a new session.
2025-06-16 08:42:31.487496: W tensorflow/c/c_api.cc:305] Operation '{name:'NPDE/sn/Assign' id:190 op device:{requested: '', assigned: ''} def:{{{node NPDE/sn/Assign}} = AssignVariableOp[_has_manual_control_dependencies=true, dtype=DT_DOUBLE, validate_shape=false](NPDE/sn, NPDE/softplus/inverse/softplus_inverse/SelectV2_2)}}' was changed by setting attribute after it was run by a session. This mutation will have no effect, and will trigger an error in the future. Either don't modify nodes after running them or create a new session.
2025-06-16 09:43:38.953581: W tensorflow/c/c_api.cc:305] Operation '{name:'NPDE/sn/Assign' id:190 op device:{requested: '', assigned: ''} def:{{{node NPDE/sn/Assign}} = AssignVariableOp[_has_manual_control_dependencies=true, dtype=DT_DOUBLE, validate_shape=false](NPDE/sn, NPDE/softplus/inverse/softplus_inverse/SelectV2_2)}}' was changed by setting attribute after it was run by a session. This mutation will have no effect, and will trigger an error in the future. Either don't modify nodes after running them or create a new session.
2025-06-16 10:32:19.893748: W tensorflow/c/c_api.cc:305] Operation '{name:'NPDE/sn/Assign' id:190 op device:{requested: '', assigned: ''} def:{{{node NPDE/sn/Assign}} = AssignVariableOp[_has_manual_control_dependencies=true, dtype=DT_DOUBLE, validate_shape=false](NPDE/sn, NPDE/softplus/inverse/softplus_inverse/SelectV2_2)}}' was changed by setting attribute after it was run by a session. This mutation will have no effect, and will trigger an error in the future. Either don't modify nodes after running them or create a new session.
2025-06-16 11:20:23.274121: W tensorflow/c/c_api.cc:305] Operation '{name:'NPDE/sn/Assign' id:190 op device:{requested: '', assigned: ''} def:{{{node NPDE/sn/Assign}} = AssignVariableOp[_has_manual_control_dependencies=true, dtype=DT_DOUBLE, validate_shape=false](NPDE/sn, NPDE/softplus/inverse/softplus_inverse/SelectV2_2)}}' was changed by setting attribute after it was run by a session. This mutation will have no effect, and will trigger an error in the future. Either don't modify nodes after running them or create a new session.
2025-06-16 12:20:56.881225: W tensorflow/c/c_api.cc:305] Operation '{name:'NPDE/sn/Assign' id:190 op device:{requested: '', assigned: ''} def:{{{node NPDE/sn/Assign}} = AssignVariableOp[_has_manual_control_dependencies=true, dtype=DT_DOUBLE, validate_shape=false](NPDE/sn, NPDE/softplus/inverse/softplus_inverse/SelectV2_2)}}' was changed by setting attribute after it was run by a session. This mutation will have no effect, and will trigger an error in the future. Either don't modify nodes after running them or create a new session.
2025-06-16 13:07:00.599675: W tensorflow/c/c_api.cc:305] Operation '{name:'NPDE/sn/Assign' id:190 op device:{requested: '', assigned: ''} def:{{{node NPDE/sn/Assign}} = AssignVariableOp[_has_manual_control_dependencies=true, dtype=DT_DOUBLE, validate_shape=false](NPDE/sn, NPDE/softplus/inverse/softplus_inverse/SelectV2_2)}}' was changed by setting attribute after it was run by a session. This mutation will have no effect, and will trigger an error in the future. Either don't modify nodes after running them or create a new session.
2025-06-16 13:54:14.557163: W tensorflow/c/c_api.cc:305] Operation '{name:'NPDE/sn/Assign' id:190 op device:{requested: '', assigned: ''} def:{{{node NPDE/sn/Assign}} = AssignVariableOp[_has_manual_control_dependencies=true, dtype=DT_DOUBLE, validate_shape=false](NPDE/sn, NPDE/softplus/inverse/softplus_inverse/SelectV2_2)}}' was changed by setting attribute after it was run by a session. This mutation will have no effect, and will trigger an error in the future. Either don't modify nodes after running them or create a new session.
             100         753.567
             200         666.409
             300         642.240
             400         629.267
             500         621.397
Optimization ends.
running nrode...
running npode...
Model being initialized...
Building loss function...
Adam optimizer being initialized...
Optimization starts.
       iteration       objective
               1         943.343
             100         686.608
             200         635.439
             300         601.007
             400         557.133
             500         565.370
Optimization ends.
running nrode...
running npode...
Model being initialized...
Building loss function...
Adam optimizer being initialized...
Optimization starts.
       iteration       objective
               1         899.046
             100         718.085
             200         669.712
             300         644.189
             400         627.022
             500         613.427
Optimization ends.
running nrode...
running npode...
Model being initialized...
Building loss function...
Adam optimizer being initialized...
Optimization starts.
       iteration       objective
               1         886.017
             100         664.428
             200         626.063
             300         600.332
             400         578.798
             500         567.241
Optimization ends.
running nrode...
running npode...
Model being initialized...
Building loss function...
Adam optimizer being initialized...
Optimization starts.
       iteration       objective
               1         966.882
             100         623.534
             200         590.984
             300         570.425
             400         557.785
             500         547.542
Optimization ends.
running nrode...
running npode...
Model being initialized...
Building loss function...
Adam optimizer being initialized...
Optimization starts.
       iteration       objective
               1         918.581
             100         677.818
             200         650.374
             300         632.078
             400         616.905
             500         607.898
Optimization ends.
running nrode...
running npode...
Model being initialized...
Building loss function...
Adam optimizer being initialized...
Optimization starts.
       iteration       objective
               1         815.604
             100         816.878
             200         770.909
             300         742.834
             400         724.000
             500         698.262
Optimization ends.
running nrode...
running npode...
Model being initialized...
Building loss function...
Adam optimizer being initialized...
Optimization starts.
       iteration       objective
               1         977.473
             100         676.359
             200         639.820
             300         616.966
             400         601.304
             500         588.558
Optimization ends.
running nrode...
running npode...
Model being initialized...
Building loss function...
Adam optimizer being initialized...
Optimization starts.
       iteration       objective
               1         860.586
             100         632.166
             200         596.092
             300         568.341
             400         552.544
             500         430.367
Optimization ends.
running nrode...
running npode...
Model being initialized...
Building loss function...
Adam optimizer being initialized...
Optimization starts.
       iteration       objective
               1         873.180
             100         501.775
             200         461.650
             300         441.040
             400         429.260
             500         419.422
Optimization ends.
running nrode...
running npode...
Model being initialized...
Building loss function...
Adam optimizer being initialized...
Optimization starts.
       iteration       objective
               1         975.413
             100         715.548
             200         665.571
             300         628.192
             400         599.261
             500         575.211
Optimization ends.
running nrode...
running npode...
Model being initialized...
Building loss function...
Adam optimizer being initialized...
Optimization starts.
       iteration       objective
               1         868.916
             100         652.741
             200         626.430
             300         607.865
             400         863.641
             500         590.464
Optimization ends.
running nrode...
running npode...
Model being initialized...
Building loss function...
Adam optimizer being initialized...
Optimization starts.
       iteration       objective
               1         688.644
             100         761.927
             200         687.675
             300         657.185
             400         643.631
             500         636.646
Optimization ends.
running nrode...
running npode...
Model being initialized...
Building loss function...
Adam optimizer being initialized...
Optimization starts.
       iteration       objective
               1         972.684
             100         821.793
             200         768.131
             300         725.104
             400         692.411
             500         666.608
Optimization ends.
running nrode...
running npode...
Model being initialized...
Building loss function...
Adam optimizer being initialized...
Optimization starts.
       iteration       objective
               1        1060.008
             100         662.842
             200         599.264
             300         561.270
             400         474.071
             500         360.408
Optimization ends.
running nrode...
running npode...
Model being initialized...
Building loss function...
Adam optimizer being initialized...
Optimization starts.
       iteration       objective
               1         831.100
             100         710.245
             200         675.966
             300         652.431
             400         634.831
             500         620.705
Optimization ends.
running nrode...
running npode...
Model being initialized...
Building loss function...
Adam optimizer being initialized...
Optimization starts.
       iteration       objective
               1        1022.748
             100         677.839
             200         628.697
             300         599.308
             400         578.730
             500         599.829
Optimization ends.
running nrode...
running npode...
Model being initialized...
Building loss function...
Adam optimizer being initialized...
Optimization starts.
       iteration       objective
               1         705.462
             100         688.948
             200         653.791
             300         629.139
             400         608.331
             500         593.028
Optimization ends.
running nrode...
running npode...
Model being initialized...
Building loss function...
Adam optimizer being initialized...
Optimization starts.
       iteration       objective
               1        1046.113
             100         661.898
             200         616.093
             300         584.757
             400         571.882
             500         559.891
Optimization ends.
running nrode...
running npode...
Model being initialized...
Building loss function...
Adam optimizer being initialized...
Optimization starts.
       iteration       objective
               1         968.944
             100         686.453
             200         621.573
             300         580.479
             400         566.360
             500         550.881
Optimization ends.
running nrode...
running npode...
Model being initialized...
Building loss function...
Adam optimizer being initialized...
Optimization starts.
       iteration       objective
               1        1074.015
             100         706.555
             200         653.446
             300         619.035
             400         592.676
             500         572.248
Optimization ends.
running nrode...
running npode...
Model being initialized...
Building loss function...
Adam optimizer being initialized...
2025-06-16 14:44:54.989256: W tensorflow/c/c_api.cc:305] Operation '{name:'NPDE/sn/Assign' id:190 op device:{requested: '', assigned: ''} def:{{{node NPDE/sn/Assign}} = AssignVariableOp[_has_manual_control_dependencies=true, dtype=DT_DOUBLE, validate_shape=false](NPDE/sn, NPDE/softplus/inverse/softplus_inverse/SelectV2_2)}}' was changed by setting attribute after it was run by a session. This mutation will have no effect, and will trigger an error in the future. Either don't modify nodes after running them or create a new session.
2025-06-16 15:32:39.713061: W tensorflow/c/c_api.cc:305] Operation '{name:'NPDE/sn/Assign' id:190 op device:{requested: '', assigned: ''} def:{{{node NPDE/sn/Assign}} = AssignVariableOp[_has_manual_control_dependencies=true, dtype=DT_DOUBLE, validate_shape=false](NPDE/sn, NPDE/softplus/inverse/softplus_inverse/SelectV2_2)}}' was changed by setting attribute after it was run by a session. This mutation will have no effect, and will trigger an error in the future. Either don't modify nodes after running them or create a new session.
2025-06-16 16:19:38.813355: W tensorflow/c/c_api.cc:305] Operation '{name:'NPDE/sn/Assign' id:190 op device:{requested: '', assigned: ''} def:{{{node NPDE/sn/Assign}} = AssignVariableOp[_has_manual_control_dependencies=true, dtype=DT_DOUBLE, validate_shape=false](NPDE/sn, NPDE/softplus/inverse/softplus_inverse/SelectV2_2)}}' was changed by setting attribute after it was run by a session. This mutation will have no effect, and will trigger an error in the future. Either don't modify nodes after running them or create a new session.
2025-06-16 17:07:54.426261: W tensorflow/c/c_api.cc:305] Operation '{name:'NPDE/sn/Assign' id:190 op device:{requested: '', assigned: ''} def:{{{node NPDE/sn/Assign}} = AssignVariableOp[_has_manual_control_dependencies=true, dtype=DT_DOUBLE, validate_shape=false](NPDE/sn, NPDE/softplus/inverse/softplus_inverse/SelectV2_2)}}' was changed by setting attribute after it was run by a session. This mutation will have no effect, and will trigger an error in the future. Either don't modify nodes after running them or create a new session.
2025-06-16 17:59:20.878963: W tensorflow/c/c_api.cc:305] Operation '{name:'NPDE/sn/Assign' id:190 op device:{requested: '', assigned: ''} def:{{{node NPDE/sn/Assign}} = AssignVariableOp[_has_manual_control_dependencies=true, dtype=DT_DOUBLE, validate_shape=false](NPDE/sn, NPDE/softplus/inverse/softplus_inverse/SelectV2_2)}}' was changed by setting attribute after it was run by a session. This mutation will have no effect, and will trigger an error in the future. Either don't modify nodes after running them or create a new session.
2025-06-16 18:49:14.200429: W tensorflow/c/c_api.cc:305] Operation '{name:'NPDE/sn/Assign' id:190 op device:{requested: '', assigned: ''} def:{{{node NPDE/sn/Assign}} = AssignVariableOp[_has_manual_control_dependencies=true, dtype=DT_DOUBLE, validate_shape=false](NPDE/sn, NPDE/softplus/inverse/softplus_inverse/SelectV2_2)}}' was changed by setting attribute after it was run by a session. This mutation will have no effect, and will trigger an error in the future. Either don't modify nodes after running them or create a new session.
2025-06-16 19:37:54.324611: W tensorflow/c/c_api.cc:305] Operation '{name:'NPDE/sn/Assign' id:190 op device:{requested: '', assigned: ''} def:{{{node NPDE/sn/Assign}} = AssignVariableOp[_has_manual_control_dependencies=true, dtype=DT_DOUBLE, validate_shape=false](NPDE/sn, NPDE/softplus/inverse/softplus_inverse/SelectV2_2)}}' was changed by setting attribute after it was run by a session. This mutation will have no effect, and will trigger an error in the future. Either don't modify nodes after running them or create a new session.
2025-06-16 20:24:18.092954: W tensorflow/c/c_api.cc:305] Operation '{name:'NPDE/sn/Assign' id:190 op device:{requested: '', assigned: ''} def:{{{node NPDE/sn/Assign}} = AssignVariableOp[_has_manual_control_dependencies=true, dtype=DT_DOUBLE, validate_shape=false](NPDE/sn, NPDE/softplus/inverse/softplus_inverse/SelectV2_2)}}' was changed by setting attribute after it was run by a session. This mutation will have no effect, and will trigger an error in the future. Either don't modify nodes after running them or create a new session.
2025-06-16 21:10:36.791720: W tensorflow/c/c_api.cc:305] Operation '{name:'NPDE/sn/Assign' id:190 op device:{requested: '', assigned: ''} def:{{{node NPDE/sn/Assign}} = AssignVariableOp[_has_manual_control_dependencies=true, dtype=DT_DOUBLE, validate_shape=false](NPDE/sn, NPDE/softplus/inverse/softplus_inverse/SelectV2_2)}}' was changed by setting attribute after it was run by a session. This mutation will have no effect, and will trigger an error in the future. Either don't modify nodes after running them or create a new session.
2025-06-16 21:57:04.003701: W tensorflow/c/c_api.cc:305] Operation '{name:'NPDE/sn/Assign' id:190 op device:{requested: '', assigned: ''} def:{{{node NPDE/sn/Assign}} = AssignVariableOp[_has_manual_control_dependencies=true, dtype=DT_DOUBLE, validate_shape=false](NPDE/sn, NPDE/softplus/inverse/softplus_inverse/SelectV2_2)}}' was changed by setting attribute after it was run by a session. This mutation will have no effect, and will trigger an error in the future. Either don't modify nodes after running them or create a new session.
2025-06-16 22:43:41.900465: W tensorflow/c/c_api.cc:305] Operation '{name:'NPDE/sn/Assign' id:190 op device:{requested: '', assigned: ''} def:{{{node NPDE/sn/Assign}} = AssignVariableOp[_has_manual_control_dependencies=true, dtype=DT_DOUBLE, validate_shape=false](NPDE/sn, NPDE/softplus/inverse/softplus_inverse/SelectV2_2)}}' was changed by setting attribute after it was run by a session. This mutation will have no effect, and will trigger an error in the future. Either don't modify nodes after running them or create a new session.
2025-06-16 23:29:50.791455: W tensorflow/c/c_api.cc:305] Operation '{name:'NPDE/sn/Assign' id:190 op device:{requested: '', assigned: ''} def:{{{node NPDE/sn/Assign}} = AssignVariableOp[_has_manual_control_dependencies=true, dtype=DT_DOUBLE, validate_shape=false](NPDE/sn, NPDE/softplus/inverse/softplus_inverse/SelectV2_2)}}' was changed by setting attribute after it was run by a session. This mutation will have no effect, and will trigger an error in the future. Either don't modify nodes after running them or create a new session.
2025-06-17 00:19:35.624858: W tensorflow/c/c_api.cc:305] Operation '{name:'NPDE/sn/Assign' id:190 op device:{requested: '', assigned: ''} def:{{{node NPDE/sn/Assign}} = AssignVariableOp[_has_manual_control_dependencies=true, dtype=DT_DOUBLE, validate_shape=false](NPDE/sn, NPDE/softplus/inverse/softplus_inverse/SelectV2_2)}}' was changed by setting attribute after it was run by a session. This mutation will have no effect, and will trigger an error in the future. Either don't modify nodes after running them or create a new session.
2025-06-17 01:10:17.576610: W tensorflow/c/c_api.cc:305] Operation '{name:'NPDE/sn/Assign' id:190 op device:{requested: '', assigned: ''} def:{{{node NPDE/sn/Assign}} = AssignVariableOp[_has_manual_control_dependencies=true, dtype=DT_DOUBLE, validate_shape=false](NPDE/sn, NPDE/softplus/inverse/softplus_inverse/SelectV2_2)}}' was changed by setting attribute after it was run by a session. This mutation will have no effect, and will trigger an error in the future. Either don't modify nodes after running them or create a new session.
2025-06-17 02:01:10.344273: W tensorflow/c/c_api.cc:305] Operation '{name:'NPDE/sn/Assign' id:190 op device:{requested: '', assigned: ''} def:{{{node NPDE/sn/Assign}} = AssignVariableOp[_has_manual_control_dependencies=true, dtype=DT_DOUBLE, validate_shape=false](NPDE/sn, NPDE/softplus/inverse/softplus_inverse/SelectV2_2)}}' was changed by setting attribute after it was run by a session. This mutation will have no effect, and will trigger an error in the future. Either don't modify nodes after running them or create a new session.
2025-06-17 02:48:44.835813: W tensorflow/c/c_api.cc:305] Operation '{name:'NPDE/sn/Assign' id:190 op device:{requested: '', assigned: ''} def:{{{node NPDE/sn/Assign}} = AssignVariableOp[_has_manual_control_dependencies=true, dtype=DT_DOUBLE, validate_shape=false](NPDE/sn, NPDE/softplus/inverse/softplus_inverse/SelectV2_2)}}' was changed by setting attribute after it was run by a session. This mutation will have no effect, and will trigger an error in the future. Either don't modify nodes after running them or create a new session.
2025-06-17 03:36:50.118071: W tensorflow/c/c_api.cc:305] Operation '{name:'NPDE/sn/Assign' id:190 op device:{requested: '', assigned: ''} def:{{{node NPDE/sn/Assign}} = AssignVariableOp[_has_manual_control_dependencies=true, dtype=DT_DOUBLE, validate_shape=false](NPDE/sn, NPDE/softplus/inverse/softplus_inverse/SelectV2_2)}}' was changed by setting attribute after it was run by a session. This mutation will have no effect, and will trigger an error in the future. Either don't modify nodes after running them or create a new session.
2025-06-17 04:22:29.245384: W tensorflow/c/c_api.cc:305] Operation '{name:'NPDE/sn/Assign' id:190 op device:{requested: '', assigned: ''} def:{{{node NPDE/sn/Assign}} = AssignVariableOp[_has_manual_control_dependencies=true, dtype=DT_DOUBLE, validate_shape=false](NPDE/sn, NPDE/softplus/inverse/softplus_inverse/SelectV2_2)}}' was changed by setting attribute after it was run by a session. This mutation will have no effect, and will trigger an error in the future. Either don't modify nodes after running them or create a new session.
2025-06-17 05:07:02.762396: W tensorflow/c/c_api.cc:305] Operation '{name:'NPDE/sn/Assign' id:190 op device:{requested: '', assigned: ''} def:{{{node NPDE/sn/Assign}} = AssignVariableOp[_has_manual_control_dependencies=true, dtype=DT_DOUBLE, validate_shape=false](NPDE/sn, NPDE/softplus/inverse/softplus_inverse/SelectV2_2)}}' was changed by setting attribute after it was run by a session. This mutation will have no effect, and will trigger an error in the future. Either don't modify nodes after running them or create a new session.
2025-06-17 05:52:27.503857: W tensorflow/c/c_api.cc:305] Operation '{name:'NPDE/sn/Assign' id:190 op device:{requested: '', assigned: ''} def:{{{node NPDE/sn/Assign}} = AssignVariableOp[_has_manual_control_dependencies=true, dtype=DT_DOUBLE, validate_shape=false](NPDE/sn, NPDE/softplus/inverse/softplus_inverse/SelectV2_2)}}' was changed by setting attribute after it was run by a session. This mutation will have no effect, and will trigger an error in the future. Either don't modify nodes after running them or create a new session.
Optimization starts.
       iteration       objective
               1         979.589
             100         658.727
             200         619.829
             300         587.520
             400         567.372
             500         534.987
Optimization ends.
running nrode...
running npode...
Model being initialized...
Building loss function...
Adam optimizer being initialized...
Optimization starts.
       iteration       objective
               1         958.736
             100         696.220
             200         657.103
             300         627.065
             400         605.646
             500         594.845
Optimization ends.
running nrode...
running npode...
Model being initialized...
Building loss function...
Adam optimizer being initialized...
Optimization starts.
       iteration       objective
               1         984.391
             100         525.135
             200         487.838
             300         470.334
             400         457.987
             500         442.236
Optimization ends.
running nrode...
running npode...
Model being initialized...
Building loss function...
Adam optimizer being initialized...
Optimization starts.
       iteration       objective
               1        1047.153
             100         540.511
             200         513.027
             300         481.979
             400         465.036
             500         452.082
Optimization ends.
running nrode...
running npode...
Model being initialized...
Building loss function...
Adam optimizer being initialized...
Optimization starts.
       iteration       objective
               1         669.897
             100         769.619
             200         682.170
             300         640.466
             400         645.587
             500         613.398
Optimization ends.
running nrode...
running npode...
Model being initialized...
Building loss function...
Adam optimizer being initialized...
Optimization starts.
       iteration       objective
               1        1137.733
             100         708.515
             200         663.053
             300         632.863
             400         610.979
             500         592.807
Optimization ends.
running nrode...
running npode...
Model being initialized...
Building loss function...
Adam optimizer being initialized...
Optimization starts.
       iteration       objective
               1         968.775
             100         677.201
             200         634.027
             300         603.845
             400         582.556
             500         583.720
Optimization ends.
running nrode...
running npode...
Model being initialized...
Building loss function...
Adam optimizer being initialized...
Optimization starts.
       iteration       objective
               1         602.599
             100         672.721
             200         635.204
             300         609.782
             400         590.283
             500         578.107
Optimization ends.
running nrode...
running npode...
Model being initialized...
Building loss function...
Adam optimizer being initialized...
Optimization starts.
       iteration       objective
               1        1013.545
             100         645.401
             200         594.248
             300         564.047
             400         549.590
             500         538.666
Optimization ends.
running nrode...
running npode...
Model being initialized...
Building loss function...
Adam optimizer being initialized...
Optimization starts.
       iteration       objective
               1         983.320
             100         695.584
             200         662.311
             300         624.149
             400         601.735
             500         583.757
Optimization ends.
running nrode...
running npode...
Model being initialized...
Building loss function...
Adam optimizer being initialized...
Optimization starts.
       iteration       objective
               1         763.605
             100         802.821
             200         679.005
             300         692.573
             400         646.946
             500         617.640
Optimization ends.
running nrode...
running npode...
Model being initialized...
Building loss function...
Adam optimizer being initialized...
Optimization starts.
       iteration       objective
               1         741.012
             100         689.414
             200         649.392
             300         624.270
             400         604.650
             500         588.695
Optimization ends.
running nrode...
running npode...
Model being initialized...
Building loss function...
Adam optimizer being initialized...
Optimization starts.
       iteration       objective
               1         927.099
             100         648.087
             200         609.846
             300         585.456
             400         564.177
             500         519.833
Optimization ends.
running nrode...
running npode...
Model being initialized...
Building loss function...
Adam optimizer being initialized...
Optimization starts.
       iteration       objective
               1         924.404
             100         697.533
             200         667.427
             300         648.674
             400         638.475
             500         629.457
Optimization ends.
running nrode...
running npode...
Model being initialized...
Building loss function...
Adam optimizer being initialized...
Optimization starts.
       iteration       objective
               1         584.405
             100         690.707
             200         627.007
             300         614.652
             400         607.093
             500         587.690
Optimization ends.
running nrode...
running npode...
Model being initialized...
Building loss function...
Adam optimizer being initialized...
Optimization starts.
       iteration       objective
               1         972.757
             100         675.101
             200         638.220
             300         613.651
             400         596.153
             500         582.169
Optimization ends.
running nrode...
running npode...
Model being initialized...
Building loss function...
Adam optimizer being initialized...
Optimization starts.
       iteration       objective
               1         946.812
             100         663.244
             200         622.053
             300         594.339
             400         441.257
             500         387.174
Optimization ends.
running nrode...
running npode...
Model being initialized...
Building loss function...
Adam optimizer being initialized...
Optimization starts.
       iteration       objective
               1         745.510
             100         695.189
             200         653.939
             300         626.362
             400         610.835
             500         594.395
Optimization ends.
running nrode...
running npode...
Model being initialized...
Building loss function...
Adam optimizer being initialized...
Optimization starts.
       iteration       objective
               1         882.174
             100         687.767
             200         666.907
             300         652.912
             400         640.942
             500         629.553
Optimization ends.
running nrode...
running npode...
Model being initialized...
Building loss function...
Adam optimizer being initialized...
Optimization starts.
       iteration       objective
               1         891.738
             100         502.605
             200         458.611
             300         429.938
             400         410.574
             500         400.822
Optimization ends.
running nrode...
running npode...
Model being initialized...
Building loss function...
Adam optimizer being initialized...
Optimization starts.
       iteration       objective
               1         875.663
             100         638.894
             200         589.710
             300         561.165
             400         543.810
             500         542.169
Optimization ends.
running nrode...
running npode...
2025-06-17 06:41:04.381294: W tensorflow/c/c_api.cc:305] Operation '{name:'NPDE/sn/Assign' id:190 op device:{requested: '', assigned: ''} def:{{{node NPDE/sn/Assign}} = AssignVariableOp[_has_manual_control_dependencies=true, dtype=DT_DOUBLE, validate_shape=false](NPDE/sn, NPDE/softplus/inverse/softplus_inverse/SelectV2_2)}}' was changed by setting attribute after it was run by a session. This mutation will have no effect, and will trigger an error in the future. Either don't modify nodes after running them or create a new session.
2025-06-17 07:29:57.369054: W tensorflow/c/c_api.cc:305] Operation '{name:'NPDE/sn/Assign' id:190 op device:{requested: '', assigned: ''} def:{{{node NPDE/sn/Assign}} = AssignVariableOp[_has_manual_control_dependencies=true, dtype=DT_DOUBLE, validate_shape=false](NPDE/sn, NPDE/softplus/inverse/softplus_inverse/SelectV2_2)}}' was changed by setting attribute after it was run by a session. This mutation will have no effect, and will trigger an error in the future. Either don't modify nodes after running them or create a new session.
2025-06-17 10:45:22.823218: W tensorflow/c/c_api.cc:305] Operation '{name:'NPDE/sn/Assign' id:190 op device:{requested: '', assigned: ''} def:{{{node NPDE/sn/Assign}} = AssignVariableOp[_has_manual_control_dependencies=true, dtype=DT_DOUBLE, validate_shape=false](NPDE/sn, NPDE/softplus/inverse/softplus_inverse/SelectV2_2)}}' was changed by setting attribute after it was run by a session. This mutation will have no effect, and will trigger an error in the future. Either don't modify nodes after running them or create a new session.
2025-06-17 16:35:09.586054: W tensorflow/c/c_api.cc:305] Operation '{name:'NPDE/sn/Assign' id:190 op device:{requested: '', assigned: ''} def:{{{node NPDE/sn/Assign}} = AssignVariableOp[_has_manual_control_dependencies=true, dtype=DT_DOUBLE, validate_shape=false](NPDE/sn, NPDE/softplus/inverse/softplus_inverse/SelectV2_2)}}' was changed by setting attribute after it was run by a session. This mutation will have no effect, and will trigger an error in the future. Either don't modify nodes after running them or create a new session.
2025-06-17 19:48:21.788229: W tensorflow/c/c_api.cc:305] Operation '{name:'NPDE/sn/Assign' id:190 op device:{requested: '', assigned: ''} def:{{{node NPDE/sn/Assign}} = AssignVariableOp[_has_manual_control_dependencies=true, dtype=DT_DOUBLE, validate_shape=false](NPDE/sn, NPDE/softplus/inverse/softplus_inverse/SelectV2_2)}}' was changed by setting attribute after it was run by a session. This mutation will have no effect, and will trigger an error in the future. Either don't modify nodes after running them or create a new session.
2025-06-17 21:45:20.233095: W tensorflow/c/c_api.cc:305] Operation '{name:'NPDE/sn/Assign' id:190 op device:{requested: '', assigned: ''} def:{{{node NPDE/sn/Assign}} = AssignVariableOp[_has_manual_control_dependencies=true, dtype=DT_DOUBLE, validate_shape=false](NPDE/sn, NPDE/softplus/inverse/softplus_inverse/SelectV2_2)}}' was changed by setting attribute after it was run by a session. This mutation will have no effect, and will trigger an error in the future. Either don't modify nodes after running them or create a new session.
2025-06-17 23:16:06.198620: W tensorflow/c/c_api.cc:305] Operation '{name:'NPDE/sn/Assign' id:190 op device:{requested: '', assigned: ''} def:{{{node NPDE/sn/Assign}} = AssignVariableOp[_has_manual_control_dependencies=true, dtype=DT_DOUBLE, validate_shape=false](NPDE/sn, NPDE/softplus/inverse/softplus_inverse/SelectV2_2)}}' was changed by setting attribute after it was run by a session. This mutation will have no effect, and will trigger an error in the future. Either don't modify nodes after running them or create a new session.
2025-06-18 00:44:45.890258: W tensorflow/c/c_api.cc:305] Operation '{name:'NPDE/sn/Assign' id:190 op device:{requested: '', assigned: ''} def:{{{node NPDE/sn/Assign}} = AssignVariableOp[_has_manual_control_dependencies=true, dtype=DT_DOUBLE, validate_shape=false](NPDE/sn, NPDE/softplus/inverse/softplus_inverse/SelectV2_2)}}' was changed by setting attribute after it was run by a session. This mutation will have no effect, and will trigger an error in the future. Either don't modify nodes after running them or create a new session.
2025-06-18 02:41:23.141104: W tensorflow/c/c_api.cc:305] Operation '{name:'NPDE/sn/Assign' id:190 op device:{requested: '', assigned: ''} def:{{{node NPDE/sn/Assign}} = AssignVariableOp[_has_manual_control_dependencies=true, dtype=DT_DOUBLE, validate_shape=false](NPDE/sn, NPDE/softplus/inverse/softplus_inverse/SelectV2_2)}}' was changed by setting attribute after it was run by a session. This mutation will have no effect, and will trigger an error in the future. Either don't modify nodes after running them or create a new session.
2025-06-18 04:10:13.739217: W tensorflow/c/c_api.cc:305] Operation '{name:'NPDE/sn/Assign' id:190 op device:{requested: '', assigned: ''} def:{{{node NPDE/sn/Assign}} = AssignVariableOp[_has_manual_control_dependencies=true, dtype=DT_DOUBLE, validate_shape=false](NPDE/sn, NPDE/softplus/inverse/softplus_inverse/SelectV2_2)}}' was changed by setting attribute after it was run by a session. This mutation will have no effect, and will trigger an error in the future. Either don't modify nodes after running them or create a new session.
2025-06-18 05:22:22.826413: W tensorflow/c/c_api.cc:305] Operation '{name:'NPDE/sn/Assign' id:190 op device:{requested: '', assigned: ''} def:{{{node NPDE/sn/Assign}} = AssignVariableOp[_has_manual_control_dependencies=true, dtype=DT_DOUBLE, validate_shape=false](NPDE/sn, NPDE/softplus/inverse/softplus_inverse/SelectV2_2)}}' was changed by setting attribute after it was run by a session. This mutation will have no effect, and will trigger an error in the future. Either don't modify nodes after running them or create a new session.
2025-06-18 06:11:24.061071: W tensorflow/c/c_api.cc:305] Operation '{name:'NPDE/sn/Assign' id:190 op device:{requested: '', assigned: ''} def:{{{node NPDE/sn/Assign}} = AssignVariableOp[_has_manual_control_dependencies=true, dtype=DT_DOUBLE, validate_shape=false](NPDE/sn, NPDE/softplus/inverse/softplus_inverse/SelectV2_2)}}' was changed by setting attribute after it was run by a session. This mutation will have no effect, and will trigger an error in the future. Either don't modify nodes after running them or create a new session.
2025-06-18 06:59:51.727172: W tensorflow/c/c_api.cc:305] Operation '{name:'NPDE/sn/Assign' id:190 op device:{requested: '', assigned: ''} def:{{{node NPDE/sn/Assign}} = AssignVariableOp[_has_manual_control_dependencies=true, dtype=DT_DOUBLE, validate_shape=false](NPDE/sn, NPDE/softplus/inverse/softplus_inverse/SelectV2_2)}}' was changed by setting attribute after it was run by a session. This mutation will have no effect, and will trigger an error in the future. Either don't modify nodes after running them or create a new session.
2025-06-18 07:47:43.460732: W tensorflow/c/c_api.cc:305] Operation '{name:'NPDE/sn/Assign' id:190 op device:{requested: '', assigned: ''} def:{{{node NPDE/sn/Assign}} = AssignVariableOp[_has_manual_control_dependencies=true, dtype=DT_DOUBLE, validate_shape=false](NPDE/sn, NPDE/softplus/inverse/softplus_inverse/SelectV2_2)}}' was changed by setting attribute after it was run by a session. This mutation will have no effect, and will trigger an error in the future. Either don't modify nodes after running them or create a new session.
2025-06-18 08:35:25.890647: W tensorflow/c/c_api.cc:305] Operation '{name:'NPDE/sn/Assign' id:190 op device:{requested: '', assigned: ''} def:{{{node NPDE/sn/Assign}} = AssignVariableOp[_has_manual_control_dependencies=true, dtype=DT_DOUBLE, validate_shape=false](NPDE/sn, NPDE/softplus/inverse/softplus_inverse/SelectV2_2)}}' was changed by setting attribute after it was run by a session. This mutation will have no effect, and will trigger an error in the future. Either don't modify nodes after running them or create a new session.
2025-06-18 09:20:45.211142: W tensorflow/c/c_api.cc:305] Operation '{name:'NPDE/sn/Assign' id:190 op device:{requested: '', assigned: ''} def:{{{node NPDE/sn/Assign}} = AssignVariableOp[_has_manual_control_dependencies=true, dtype=DT_DOUBLE, validate_shape=false](NPDE/sn, NPDE/softplus/inverse/softplus_inverse/SelectV2_2)}}' was changed by setting attribute after it was run by a session. This mutation will have no effect, and will trigger an error in the future. Either don't modify nodes after running them or create a new session.
2025-06-18 10:08:40.969603: W tensorflow/c/c_api.cc:305] Operation '{name:'NPDE/sn/Assign' id:190 op device:{requested: '', assigned: ''} def:{{{node NPDE/sn/Assign}} = AssignVariableOp[_has_manual_control_dependencies=true, dtype=DT_DOUBLE, validate_shape=false](NPDE/sn, NPDE/softplus/inverse/softplus_inverse/SelectV2_2)}}' was changed by setting attribute after it was run by a session. This mutation will have no effect, and will trigger an error in the future. Either don't modify nodes after running them or create a new session.
Model being initialized...
Building loss function...
Adam optimizer being initialized...
Optimization starts.
       iteration       objective
               1         953.774
             100         703.850
             200         666.814
             300         639.399
             400         617.071
             500         592.649
Optimization ends.
running nrode...
running npode...
Model being initialized...
Building loss function...
Adam optimizer being initialized...
Optimization starts.
       iteration       objective
               1         934.821
             100         668.698
             200         631.575
             300         607.194
             400         588.488
             500         573.788
Optimization ends.
running nrode...
running npode...
Model being initialized...
Building loss function...
Adam optimizer being initialized...
Optimization starts.
       iteration       objective
               1        1093.181
             100         672.026
             200         628.322
             300         618.236
             400         599.030
             500         583.052
Optimization ends.
running nrode...
running npode...
Model being initialized...
Building loss function...
Adam optimizer being initialized...
Optimization starts.
       iteration       objective
               1         717.813
             100         662.348
             200         624.261
             300         601.276
             400         584.349
             500         570.153
Optimization ends.
running nrode...
running npode...
Model being initialized...
Building loss function...
Adam optimizer being initialized...
Optimization starts.
       iteration       objective
               1        1077.507
             100         701.192
             200         648.678
             300         611.733
             400         585.681
             500         569.054
Optimization ends.
running nrode...
running npode...
Model being initialized...
Building loss function...
Adam optimizer being initialized...
Optimization starts.
       iteration       objective
               1         947.985
             100         687.375
             200         656.579
             300         637.956
             400         622.490
             500         609.059
Optimization ends.
running nrode...
running npode...
Model being initialized...
Building loss function...
Adam optimizer being initialized...
Optimization starts.
       iteration       objective
               1        1008.233
             100         657.515
             200         611.468
             300         559.555
             400         622.857
             500         561.549
Optimization ends.
running nrode...
running npode...
Model being initialized...
Building loss function...
Adam optimizer being initialized...
Optimization starts.
       iteration       objective
               1         633.983
             100         520.013
             200         486.185
             300         467.319
             400         449.969
             500         437.964
Optimization ends.
running nrode...
running npode...
Model being initialized...
Building loss function...
Adam optimizer being initialized...
Optimization starts.
       iteration       objective
               1        1032.455
             100         650.185
             200         589.203
             300         556.502
             400         557.724
             500         535.509
Optimization ends.
running nrode...
running npode...
Model being initialized...
Building loss function...
Adam optimizer being initialized...
Optimization starts.
       iteration       objective
               1        1123.897
             100         826.851
             200         754.616
             300         773.440
             400         714.778
             500         684.744
Optimization ends.
running nrode...
running npode...
Model being initialized...
Building loss function...
Adam optimizer being initialized...
Optimization starts.
       iteration       objective
               1         958.351
             100         713.701
             200         668.140
             300         634.852
             400         609.635
             500         588.950
Optimization ends.
running nrode...
running npode...
Model being initialized...
Building loss function...
Adam optimizer being initialized...
Optimization starts.
       iteration       objective
               1         874.092
             100         711.633
             200         661.780
             300         628.895
             400         605.522
             500         577.766
Optimization ends.
running nrode...
running npode...
Model being initialized...
Building loss function...
Adam optimizer being initialized...
Optimization starts.
       iteration       objective
               1         918.070
             100         690.293
             200         653.895
             300         632.839
             400         618.206
             500         653.281
Optimization ends.
running nrode...
running npode...
Model being initialized...
Building loss function...
Adam optimizer being initialized...
Optimization starts.
       iteration       objective
               1         939.515
             100         692.017
             200         655.786
             300         631.902
             400         612.692
             500         596.061
Optimization ends.
running nrode...
running npode...
Model being initialized...
Building loss function...
Adam optimizer being initialized...
Optimization starts.
       iteration       objective
               1         905.788
             100         681.778
             200         650.310
             300         630.729
             400         615.380
             500         602.698
Optimization ends.
running nrode...
running npode...
Model being initialized...
Building loss function...
Adam optimizer being initialized...
Optimization starts.
       iteration       objective
               1         642.147
             100         775.625
             200         677.322
             300         645.838
             400         622.270
             500         602.813
Optimization ends.
running nrode...
running npode...
Model being initialized...
Building loss function...
Adam optimizer being initialized...
Optimization starts.
       iteration       objective
               1         992.613
             100         644.571
             200         587.474
             300         564.826
             400         526.689
             500         405.234
Optimization ends.
running nrode...
