2025-09-02 17:44:28.100988: E external/local_xla/xla/stream_executor/cuda/cuda_fft.cc:467] Unable to register cuFFT factory: Attempting to register factory for plugin cuFFT when one has already been registered
WARNING: All log messages before absl::InitializeLog() is called are written to STDERR
E0000 00:00:1756835068.119479 3471200 cuda_dnn.cc:8579] Unable to register cuDNN factory: Attempting to register factory for plugin cuDNN when one has already been registered
E0000 00:00:1756835068.124768 3471200 cuda_blas.cc:1407] Unable to register cuBLAS factory: Attempting to register factory for plugin cuBLAS when one has already been registered
W0000 00:00:1756835068.139918 3471200 computation_placer.cc:177] computation placer already registered. Please check linkage and avoid linking the same target more than once.
W0000 00:00:1756835068.139937 3471200 computation_placer.cc:177] computation placer already registered. Please check linkage and avoid linking the same target more than once.
W0000 00:00:1756835068.139941 3471200 computation_placer.cc:177] computation placer already registered. Please check linkage and avoid linking the same target more than once.
W0000 00:00:1756835068.139944 3471200 computation_placer.cc:177] computation placer already registered. Please check linkage and avoid linking the same target more than once.
2025-09-02 17:44:28.145289: I tensorflow/core/platform/cpu_feature_guard.cc:210] This TensorFlow binary is optimized to use available CPU instructions in performance-critical operations.
To enable the following instructions: AVX2 FMA, in other operations, rebuild TensorFlow with the appropriate compiler flags.
WARNING:tensorflow:From /home/giung/miniconda3/envs/py39/lib/python3.9/site-packages/tensorflow/python/compat/v2_compat.py:98: disable_resource_variables (from tensorflow.python.ops.resource_variables_toggle) is deprecated and will be removed in a future version.
Instructions for updating:
non-resource variables are not supported in the long term
running magix...
1/2500 iteration: 64.502823
500/2500 iteration: 1.807673
1000/2500 iteration: 1.161109
1500/2500 iteration: 1.070206
2000/2500 iteration: 1.043272
2500/2500 iteration: 1.032013
running magix...
1/2500 iteration: 50.741020
500/2500 iteration: 1.886983
1000/2500 iteration: 1.083311
1500/2500 iteration: 1.022282
2000/2500 iteration: 1.005806
2500/2500 iteration: 0.997806
running magix...
1/2500 iteration: 42.864029
500/2500 iteration: 1.810719
1000/2500 iteration: 1.214254
1500/2500 iteration: 1.132924
2000/2500 iteration: 1.106693
2500/2500 iteration: 1.095357
running magix...
1/2500 iteration: 24.686625
500/2500 iteration: 1.094564
1000/2500 iteration: 0.865318
1500/2500 iteration: 0.839955
2000/2500 iteration: 0.832488
2500/2500 iteration: 0.828674
running magix...
1/2500 iteration: 48.913536
500/2500 iteration: 2.388693
1000/2500 iteration: 1.269964
1500/2500 iteration: 1.149763
2000/2500 iteration: 1.120082
2500/2500 iteration: 1.108490
running magix...
1/2500 iteration: 47.596930
500/2500 iteration: 2.182789
1000/2500 iteration: 1.402926
1500/2500 iteration: 1.270814
2000/2500 iteration: 1.236295
2500/2500 iteration: 1.224123
running magix...
1/2500 iteration: 29.279594
500/2500 iteration: 1.108018
1000/2500 iteration: 0.907347
1500/2500 iteration: 0.876606
2000/2500 iteration: 0.862659
2500/2500 iteration: 0.855795
running magix...
1/2500 iteration: 63.734061
500/2500 iteration: 3.230817
1000/2500 iteration: 1.627757
1500/2500 iteration: 1.351372
2000/2500 iteration: 1.276225
2500/2500 iteration: 1.252388
running magix...
1/2500 iteration: 51.457802
500/2500 iteration: 1.683605
1000/2500 iteration: 1.208762
1500/2500 iteration: 1.145108
2000/2500 iteration: 1.120530
2500/2500 iteration: 1.108626
running magix...
1/2500 iteration: 34.477628
500/2500 iteration: 1.302300
1000/2500 iteration: 0.945044
1500/2500 iteration: 0.889837
2000/2500 iteration: 0.874175
2500/2500 iteration: 0.868160
running magix...
1/2500 iteration: 58.791689
500/2500 iteration: 2.838369
1000/2500 iteration: 1.505589
1500/2500 iteration: 1.364842
2000/2500 iteration: 1.335604
2500/2500 iteration: 1.322296
running magix...
1/2500 iteration: 52.927714
500/2500 iteration: 1.735528
1000/2500 iteration: 1.158494
1500/2500 iteration: 1.081010
2000/2500 iteration: 1.052267
2500/2500 iteration: 1.037502
running magix...
1/2500 iteration: 68.189499
500/2500 iteration: 2.821348
1000/2500 iteration: 1.383709
1500/2500 iteration: 1.188155
2000/2500 iteration: 1.125520
2500/2500 iteration: 1.099519
running magix...
1/2500 iteration: 44.308507
500/2500 iteration: 1.519340
1000/2500 iteration: 1.035672
1500/2500 iteration: 0.970495
2000/2500 iteration: 0.951931
2500/2500 iteration: 0.944351
running magix...
1/2500 iteration: 84.121213
500/2500 iteration: 1.993207
1000/2500 iteration: 1.198498
1500/2500 iteration: 1.094230
2000/2500 iteration: 1.064301
2500/2500 iteration: 1.053431
running magix...
1/2500 iteration: 74.078067
500/2500 iteration: 1.790734
1000/2500 iteration: 1.264515
1500/2500 iteration: 1.153685
2000/2500 iteration: 1.117042
2500/2500 iteration: 1.103285
running magix...
1/2500 iteration: 47.152022
500/2500 iteration: 2.267798
1000/2500 iteration: 1.237114
1500/2500 iteration: 1.095873
2000/2500 iteration: 1.052221
2500/2500 iteration: 1.032586
running magix...
1/2500 iteration: 55.533902
500/2500 iteration: 2.117092
1000/2500 iteration: 1.300431
1500/2500 iteration: 1.205152
2000/2500 iteration: 1.178003
2500/2500 iteration: 1.164188
running magix...
1/2500 iteration: 67.546009
500/2500 iteration: 2.038521
1000/2500 iteration: 1.141932
1500/2500 iteration: 1.013795
2000/2500 iteration: 0.972906
2500/2500 iteration: 0.955625
running magix...
1/2500 iteration: 78.486085
500/2500 iteration: 2.625389
1000/2500 iteration: 1.401881
1500/2500 iteration: 1.222265
2000/2500 iteration: 1.173364
2500/2500 iteration: 1.152443
running magix...
1/2500 iteration: 52.545349
500/2500 iteration: 1.889550
1000/2500 iteration: 1.207225
1500/2500 iteration: 1.115678
2000/2500 iteration: 1.084855
2500/2500 iteration: 1.071940
running magix...
1/2500 iteration: 51.626713
500/2500 iteration: 1.773315
1000/2500 iteration: 1.109409
1500/2500 iteration: 0.985216
2000/2500 iteration: 0.949028
2500/2500 iteration: 0.934833
running magix...
1/2500 iteration: 56.578296
500/2500 iteration: 2.090233
1000/2500 iteration: 1.242468
1500/2500 iteration: 1.112111
2000/2500 iteration: 1.079442
2500/2500 iteration: 1.066516
running magix...
1/2500 iteration: 80.640294
500/2500 iteration: 4.953705
1000/2500 iteration: 2.516948
1500/2500 iteration: 2.058207
2000/2500 iteration: 1.861436
2500/2500 iteration: 1.753047
running magix...
1/2500 iteration: 68.685682
500/2500 iteration: 2.539851
1000/2500 iteration: 1.297912
1500/2500 iteration: 1.189907
2000/2500 iteration: 1.157314
2500/2500 iteration: 1.143131
running magix...
1/2500 iteration: 91.695931
500/2500 iteration: 3.554534
1000/2500 iteration: 1.811020
1500/2500 iteration: 1.582725
2000/2500 iteration: 1.519713
2500/2500 iteration: 1.491894
running magix...
1/2500 iteration: 41.174260
500/2500 iteration: 1.813679
1000/2500 iteration: 1.138995
1500/2500 iteration: 1.045664
2000/2500 iteration: 1.018025
2500/2500 iteration: 1.006213
running magix...
1/2500 iteration: 45.755667
500/2500 iteration: 1.455145
1000/2500 iteration: 1.061025
1500/2500 iteration: 1.003561
2000/2500 iteration: 0.983552
2500/2500 iteration: 0.973576
running magix...
1/2500 iteration: 72.032924
500/2500 iteration: 2.682374
1000/2500 iteration: 1.502839
1500/2500 iteration: 1.294022
2000/2500 iteration: 1.240424
2500/2500 iteration: 1.219761
running magix...
1/2500 iteration: 45.197994
500/2500 iteration: 2.195209
1000/2500 iteration: 1.170411
1500/2500 iteration: 1.029399
2000/2500 iteration: 0.996445
2500/2500 iteration: 0.984997
running magix...
1/2500 iteration: 67.530869
500/2500 iteration: 2.885267
1000/2500 iteration: 1.388706
1500/2500 iteration: 1.236143
2000/2500 iteration: 1.203396
2500/2500 iteration: 1.191419
running magix...
1/2500 iteration: 54.594937
500/2500 iteration: 1.781611
1000/2500 iteration: 1.151495
1500/2500 iteration: 1.095607
2000/2500 iteration: 1.075377
2500/2500 iteration: 1.064822
running magix...
1/2500 iteration: 54.181164
500/2500 iteration: 2.286723
1000/2500 iteration: 1.301036
1500/2500 iteration: 1.198896
2000/2500 iteration: 1.168704
2500/2500 iteration: 1.155807
running magix...
1/2500 iteration: 69.607928
500/2500 iteration: 4.357306
1000/2500 iteration: 1.982290
1500/2500 iteration: 1.662340
2000/2500 iteration: 1.592837
2500/2500 iteration: 1.566542
running magix...
1/2500 iteration: 35.769869
500/2500 iteration: 1.057497
1000/2500 iteration: 0.863931
1500/2500 iteration: 0.838816
2000/2500 iteration: 0.830382
2500/2500 iteration: 0.826063
running magix...
1/2500 iteration: 36.149805
500/2500 iteration: 1.491937
1000/2500 iteration: 1.036368
1500/2500 iteration: 0.985376
2000/2500 iteration: 0.967984
2500/2500 iteration: 0.958053
running magix...
1/2500 iteration: 70.021327
500/2500 iteration: 2.801915
1000/2500 iteration: 1.519568
1500/2500 iteration: 1.370296
2000/2500 iteration: 1.322283
2500/2500 iteration: 1.302318
running magix...
1/2500 iteration: 52.519099
500/2500 iteration: 2.397706
1000/2500 iteration: 1.397478
1500/2500 iteration: 1.293204
2000/2500 iteration: 1.263661
2500/2500 iteration: 1.251748
running magix...
1/2500 iteration: 60.692704
500/2500 iteration: 1.919187
1000/2500 iteration: 1.199088
1500/2500 iteration: 1.125849
2000/2500 iteration: 1.101376
2500/2500 iteration: 1.089601
running magix...
1/2500 iteration: 80.244150
500/2500 iteration: 2.291876
1000/2500 iteration: 1.288620
1500/2500 iteration: 1.144457
2000/2500 iteration: 1.106039
2500/2500 iteration: 1.092333
running magix...
1/2500 iteration: 53.289335
500/2500 iteration: 1.973074
1000/2500 iteration: 1.251128
1500/2500 iteration: 1.123383
2000/2500 iteration: 1.084194
2500/2500 iteration: 1.066248
running magix...
1/2500 iteration: 49.515874
500/2500 iteration: 1.623922
1000/2500 iteration: 1.060503
1500/2500 iteration: 0.982631
2000/2500 iteration: 0.961628
2500/2500 iteration: 0.952135
running magix...
1/2500 iteration: 71.822759
500/2500 iteration: 2.792475
1000/2500 iteration: 1.612355
1500/2500 iteration: 1.411944
2000/2500 iteration: 1.344579
2500/2500 iteration: 1.319805
running magix...
1/2500 iteration: 54.034500
500/2500 iteration: 2.240988
1000/2500 iteration: 1.317665
1500/2500 iteration: 1.212122
2000/2500 iteration: 1.183925
2500/2500 iteration: 1.172331
running magix...
1/2500 iteration: 55.437930
500/2500 iteration: 1.989714
1000/2500 iteration: 1.168959
1500/2500 iteration: 1.082751
2000/2500 iteration: 1.054519
2500/2500 iteration: 1.041334
running magix...
1/2500 iteration: 63.359284
500/2500 iteration: 2.464188
1000/2500 iteration: 1.349002
1500/2500 iteration: 1.256597
2000/2500 iteration: 1.231044
2500/2500 iteration: 1.219428
running magix...
1/2500 iteration: 62.076524
500/2500 iteration: 2.135802
1000/2500 iteration: 1.215447
1500/2500 iteration: 1.079228
2000/2500 iteration: 1.034576
2500/2500 iteration: 1.014201
running magix...
1/2500 iteration: 52.707639
500/2500 iteration: 1.683022
1000/2500 iteration: 1.091368
1500/2500 iteration: 0.998874
2000/2500 iteration: 0.969486
2500/2500 iteration: 0.956913
running magix...
1/2500 iteration: 51.033632
500/2500 iteration: 1.805457
1000/2500 iteration: 1.192585
1500/2500 iteration: 1.113565
2000/2500 iteration: 1.091239
2500/2500 iteration: 1.081589
running magix...
1/2500 iteration: 58.238958
500/2500 iteration: 3.100789
1000/2500 iteration: 1.599326
1500/2500 iteration: 1.317624
2000/2500 iteration: 1.207936
2500/2500 iteration: 1.154816
running magix...
1/2500 iteration: 56.808011
500/2500 iteration: 1.503097
1000/2500 iteration: 1.053555
1500/2500 iteration: 0.976155
2000/2500 iteration: 0.953942
2500/2500 iteration: 0.945301
running magix...
1/2500 iteration: 48.208775
500/2500 iteration: 1.987115
1000/2500 iteration: 1.204520
1500/2500 iteration: 1.053100
2000/2500 iteration: 1.003045
2500/2500 iteration: 0.977064
running magix...
1/2500 iteration: 48.480663
500/2500 iteration: 1.553386
1000/2500 iteration: 1.163891
1500/2500 iteration: 1.103002
2000/2500 iteration: 1.082599
2500/2500 iteration: 1.072540
running magix...
1/2500 iteration: 31.236091
500/2500 iteration: 1.449411
1000/2500 iteration: 0.992340
1500/2500 iteration: 0.937751
2000/2500 iteration: 0.921679
2500/2500 iteration: 0.913770
running magix...
1/2500 iteration: 39.295444
500/2500 iteration: 1.890067
1000/2500 iteration: 1.195564
1500/2500 iteration: 1.040296
2000/2500 iteration: 0.979523
2500/2500 iteration: 0.948907
running magix...
1/2500 iteration: 67.120052
500/2500 iteration: 2.818017
1000/2500 iteration: 1.593735
1500/2500 iteration: 1.417716
2000/2500 iteration: 1.348307
2500/2500 iteration: 1.318374
running magix...
1/2500 iteration: 40.669997
500/2500 iteration: 1.336467
1000/2500 iteration: 1.026806
1500/2500 iteration: 0.974674
2000/2500 iteration: 0.955310
2500/2500 iteration: 0.945552
running magix...
1/2500 iteration: 50.106172
500/2500 iteration: 2.138929
1000/2500 iteration: 1.301324
1500/2500 iteration: 1.173630
2000/2500 iteration: 1.124826
2500/2500 iteration: 1.102550
running magix...
1/2500 iteration: 68.530267
500/2500 iteration: 2.528927
1000/2500 iteration: 1.365303
1500/2500 iteration: 1.267220
2000/2500 iteration: 1.234281
2500/2500 iteration: 1.216723
running magix...
1/2500 iteration: 36.570860
500/2500 iteration: 1.594320
1000/2500 iteration: 1.035615
1500/2500 iteration: 0.974131
2000/2500 iteration: 0.960828
2500/2500 iteration: 0.955248
running magix...
1/2500 iteration: 44.754174
500/2500 iteration: 1.362442
1000/2500 iteration: 0.961921
1500/2500 iteration: 0.915910
2000/2500 iteration: 0.901545
2500/2500 iteration: 0.894137
running magix...
1/2500 iteration: 76.365405
500/2500 iteration: 2.290403
1000/2500 iteration: 1.450578
1500/2500 iteration: 1.321356
2000/2500 iteration: 1.272959
2500/2500 iteration: 1.250271
running magix...
1/2500 iteration: 75.830763
500/2500 iteration: 2.342619
1000/2500 iteration: 1.249057
1500/2500 iteration: 1.107399
2000/2500 iteration: 1.068720
2500/2500 iteration: 1.053606
running magix...
1/2500 iteration: 38.049893
500/2500 iteration: 1.453759
1000/2500 iteration: 1.004833
1500/2500 iteration: 0.952276
2000/2500 iteration: 0.934366
2500/2500 iteration: 0.925511
running magix...
1/2500 iteration: 37.448698
500/2500 iteration: 1.345606
1000/2500 iteration: 0.944048
1500/2500 iteration: 0.897831
2000/2500 iteration: 0.885634
2500/2500 iteration: 0.880280
running magix...
1/2500 iteration: 57.565059
500/2500 iteration: 2.148877
1000/2500 iteration: 1.260898
1500/2500 iteration: 1.102561
2000/2500 iteration: 1.048864
2500/2500 iteration: 1.024152
running magix...
1/2500 iteration: 62.046455
500/2500 iteration: 2.159888
1000/2500 iteration: 1.185711
1500/2500 iteration: 1.056446
2000/2500 iteration: 1.021340
2500/2500 iteration: 1.007069
running magix...
1/2500 iteration: 45.847924
500/2500 iteration: 1.655655
1000/2500 iteration: 1.096635
1500/2500 iteration: 1.022658
2000/2500 iteration: 0.996837
2500/2500 iteration: 0.984146
running magix...
1/2500 iteration: 29.713411
500/2500 iteration: 1.128433
1000/2500 iteration: 0.878512
1500/2500 iteration: 0.841871
2000/2500 iteration: 0.829703
2500/2500 iteration: 0.822864
running magix...
1/2500 iteration: 58.439560
500/2500 iteration: 1.713124
1000/2500 iteration: 1.079285
1500/2500 iteration: 1.012291
2000/2500 iteration: 0.991524
2500/2500 iteration: 0.982410
running magix...
1/2500 iteration: 56.270694
500/2500 iteration: 3.704280
1000/2500 iteration: 1.899922
1500/2500 iteration: 1.554456
2000/2500 iteration: 1.441443
2500/2500 iteration: 1.400732
running magix...
1/2500 iteration: 99.905385
500/2500 iteration: 4.520899
1000/2500 iteration: 1.970460
1500/2500 iteration: 1.702668
2000/2500 iteration: 1.612225
2500/2500 iteration: 1.571748
running magix...
1/2500 iteration: 65.776550
500/2500 iteration: 1.939576
1000/2500 iteration: 1.235053
1500/2500 iteration: 1.132848
2000/2500 iteration: 1.101371
2500/2500 iteration: 1.087719
running magix...
1/2500 iteration: 42.624999
500/2500 iteration: 1.138218
1000/2500 iteration: 0.908791
1500/2500 iteration: 0.867708
2000/2500 iteration: 0.856522
2500/2500 iteration: 0.851794
running magix...
1/2500 iteration: 61.454781
500/2500 iteration: 2.301797
1000/2500 iteration: 1.188594
1500/2500 iteration: 1.037873
2000/2500 iteration: 1.003407
2500/2500 iteration: 0.988268
running magix...
1/2500 iteration: 47.997551
500/2500 iteration: 1.745344
1000/2500 iteration: 1.160165
1500/2500 iteration: 1.091486
2000/2500 iteration: 1.063710
2500/2500 iteration: 1.048933
running magix...
1/2500 iteration: 36.136821
500/2500 iteration: 1.275641
1000/2500 iteration: 0.959115
1500/2500 iteration: 0.912278
2000/2500 iteration: 0.900197
2500/2500 iteration: 0.895225
running magix...
1/2500 iteration: 49.137873
500/2500 iteration: 2.308859
1000/2500 iteration: 1.170784
1500/2500 iteration: 1.033979
2000/2500 iteration: 1.000225
2500/2500 iteration: 0.988497
running magix...
1/2500 iteration: 50.907153
500/2500 iteration: 1.596363
1000/2500 iteration: 1.058435
1500/2500 iteration: 0.990712
2000/2500 iteration: 0.971511
2500/2500 iteration: 0.962944
running magix...
1/2500 iteration: 78.158831
500/2500 iteration: 3.683080
1000/2500 iteration: 1.734574
1500/2500 iteration: 1.508530
2000/2500 iteration: 1.444108
2500/2500 iteration: 1.418697
running magix...
1/2500 iteration: 66.063928
500/2500 iteration: 2.039749
1000/2500 iteration: 1.176679
1500/2500 iteration: 1.057587
2000/2500 iteration: 1.018077
2500/2500 iteration: 0.999482
running magix...
1/2500 iteration: 33.966897
500/2500 iteration: 1.544645
1000/2500 iteration: 1.096482
1500/2500 iteration: 1.021874
2000/2500 iteration: 1.000178
2500/2500 iteration: 0.991133
running magix...
1/2500 iteration: 46.053949
500/2500 iteration: 1.573553
1000/2500 iteration: 1.055005
1500/2500 iteration: 1.006951
2000/2500 iteration: 0.989313
2500/2500 iteration: 0.979985
running magix...
1/2500 iteration: 48.137837
500/2500 iteration: 2.126174
1000/2500 iteration: 1.154161
1500/2500 iteration: 1.058498
2000/2500 iteration: 1.033190
2500/2500 iteration: 1.022656
running magix...
1/2500 iteration: 51.424867
500/2500 iteration: 1.821899
1000/2500 iteration: 1.110335
1500/2500 iteration: 1.045797
2000/2500 iteration: 1.025446
2500/2500 iteration: 1.016132
running magix...
1/2500 iteration: 54.872839
500/2500 iteration: 1.596602
1000/2500 iteration: 1.126321
1500/2500 iteration: 1.080581
2000/2500 iteration: 1.065594
2500/2500 iteration: 1.057523
running magix...
1/2500 iteration: 45.379962
500/2500 iteration: 1.756427
1000/2500 iteration: 1.052550
1500/2500 iteration: 0.992366
2000/2500 iteration: 0.974404
2500/2500 iteration: 0.966459
running magix...
1/2500 iteration: 55.631437
500/2500 iteration: 2.721236
1000/2500 iteration: 1.483497
1500/2500 iteration: 1.314914
2000/2500 iteration: 1.269774
2500/2500 iteration: 1.249254
running magix...
1/2500 iteration: 56.446076
500/2500 iteration: 1.813137
1000/2500 iteration: 1.231474
1500/2500 iteration: 1.140821
2000/2500 iteration: 1.111017
2500/2500 iteration: 1.098763
running magix...
1/2500 iteration: 48.483751
500/2500 iteration: 1.614653
1000/2500 iteration: 1.195160
1500/2500 iteration: 1.149389
2000/2500 iteration: 1.135191
2500/2500 iteration: 1.128589
running magix...
1/2500 iteration: 58.528603
500/2500 iteration: 3.100968
1000/2500 iteration: 1.745808
1500/2500 iteration: 1.529262
2000/2500 iteration: 1.461172
2500/2500 iteration: 1.432672
running magix...
1/2500 iteration: 56.696604
500/2500 iteration: 2.075003
1000/2500 iteration: 1.251781
1500/2500 iteration: 1.143325
2000/2500 iteration: 1.111467
2500/2500 iteration: 1.097568
running magix...
1/2500 iteration: 73.074428
500/2500 iteration: 2.523949
1000/2500 iteration: 1.387899
1500/2500 iteration: 1.227817
2000/2500 iteration: 1.173991
2500/2500 iteration: 1.146862
running magix...
1/2500 iteration: 56.861411
500/2500 iteration: 1.990701
1000/2500 iteration: 1.251892
1500/2500 iteration: 1.161852
2000/2500 iteration: 1.132837
2500/2500 iteration: 1.120932
running magix...
1/2500 iteration: 45.361365
500/2500 iteration: 1.480824
1000/2500 iteration: 1.020085
1500/2500 iteration: 0.943556
2000/2500 iteration: 0.921262
2500/2500 iteration: 0.913841
running magix...
1/2500 iteration: 37.727644
500/2500 iteration: 1.563772
1000/2500 iteration: 1.053701
1500/2500 iteration: 1.003291
2000/2500 iteration: 0.992057
2500/2500 iteration: 0.987694
running magix...
1/2500 iteration: 45.276147
500/2500 iteration: 1.442355
1000/2500 iteration: 1.035117
1500/2500 iteration: 0.969357
2000/2500 iteration: 0.946502
2500/2500 iteration: 0.934218
running magix...
1/2500 iteration: 45.347869
500/2500 iteration: 1.463584
1000/2500 iteration: 1.066012
1500/2500 iteration: 1.012999
2000/2500 iteration: 0.997947
2500/2500 iteration: 0.992116
running magix...
1/2500 iteration: 60.904552
500/2500 iteration: 2.214804
1000/2500 iteration: 1.316789
1500/2500 iteration: 1.210861
2000/2500 iteration: 1.177574
2500/2500 iteration: 1.162493
running magix...
1/2500 iteration: 23.784109
500/2500 iteration: 1.193953
1000/2500 iteration: 0.987672
1500/2500 iteration: 0.962225
2000/2500 iteration: 0.952642
2500/2500 iteration: 0.946635
