2025-09-03 12:12:58.364015: E external/local_xla/xla/stream_executor/cuda/cuda_fft.cc:467] Unable to register cuFFT factory: Attempting to register factory for plugin cuFFT when one has already been registered
WARNING: All log messages before absl::InitializeLog() is called are written to STDERR
E0000 00:00:1756901578.380479 3112647 cuda_dnn.cc:8579] Unable to register cuDNN factory: Attempting to register factory for plugin cuDNN when one has already been registered
E0000 00:00:1756901578.385485 3112647 cuda_blas.cc:1407] Unable to register cuBLAS factory: Attempting to register factory for plugin cuBLAS when one has already been registered
W0000 00:00:1756901578.399157 3112647 computation_placer.cc:177] computation placer already registered. Please check linkage and avoid linking the same target more than once.
W0000 00:00:1756901578.399189 3112647 computation_placer.cc:177] computation placer already registered. Please check linkage and avoid linking the same target more than once.
W0000 00:00:1756901578.399191 3112647 computation_placer.cc:177] computation placer already registered. Please check linkage and avoid linking the same target more than once.
W0000 00:00:1756901578.399194 3112647 computation_placer.cc:177] computation placer already registered. Please check linkage and avoid linking the same target more than once.
2025-09-03 12:12:58.403848: I tensorflow/core/platform/cpu_feature_guard.cc:210] This TensorFlow binary is optimized to use available CPU instructions in performance-critical operations.
To enable the following instructions: AVX2 FMA, in other operations, rebuild TensorFlow with the appropriate compiler flags.
WARNING:tensorflow:From /home/giung/miniconda3/envs/py39/lib/python3.9/site-packages/tensorflow/python/compat/v2_compat.py:98: disable_resource_variables (from tensorflow.python.ops.resource_variables_toggle) is deprecated and will be removed in a future version.
Instructions for updating:
non-resource variables are not supported in the long term
running nrode...
running nrode...
running nrode...
running nrode...
running nrode...
running nrode...
running nrode...
running nrode...
running nrode...
running nrode...
running nrode...
running nrode...
running nrode...
running nrode...
running nrode...
running nrode...
running nrode...
running nrode...
running nrode...
running nrode...
running nrode...
running nrode...
running nrode...
running nrode...
running nrode...
running nrode...
running nrode...
running nrode...
running nrode...
running nrode...
running nrode...
running nrode...
running nrode...
running nrode...
running nrode...
running nrode...
running nrode...
running nrode...
running nrode...
running nrode...
running nrode...
running nrode...
running nrode...
running nrode...
running nrode...
running nrode...
running nrode...
running nrode...
running nrode...
running nrode...
running nrode...
running nrode...
running nrode...
running nrode...
running nrode...
running nrode...
running nrode...
running nrode...
running nrode...
running nrode...
running nrode...
running nrode...
running nrode...
running nrode...
running nrode...
running nrode...
running nrode...
running nrode...
running nrode...
running nrode...
running nrode...
running nrode...
running nrode...
running nrode...
running nrode...
running nrode...
running nrode...
running nrode...
running nrode...
running nrode...
running nrode...
running nrode...
running nrode...
running nrode...
running nrode...
running nrode...
running nrode...
running nrode...
running nrode...
running nrode...
running nrode...
running nrode...
running nrode...
running nrode...
running nrode...
running nrode...
running nrode...
running nrode...
running nrode...
running nrode...
